CRITICAL - 2024-01-01 01:32:53 --> Undefined variable $gender
in APPPATH\Views\admin\pet_list\detail.php on line 58.
 1 APPPATH\Views\admin\pet_list\detail.php(58): CodeIgniter\Debug\Exceptions->errorHandler(2, 'Undefined variable $gender', 'C:\\xampp\\htdocs\\BCPetHouse\\app\\Views\\admin\\pet_list\\detail.php', 58)
 2 SYSTEMPATH\View\View.php(226): include('C:\\xampp\\htdocs\\BCPetHouse\\app\\Views\\admin\\pet_list\\detail.php')
 3 SYSTEMPATH\View\View.php(229): CodeIgniter\View\View->CodeIgniter\View\{closure}()
 4 SYSTEMPATH\Common.php(1178): CodeIgniter\View\View->render('admin/pet_list/detail', [], true)
 5 APPPATH\Controllers\PetList.php(34): view('admin/pet_list/detail', [...])
 6 SYSTEMPATH\CodeIgniter.php(915): App\Controllers\PetList->detail('1')
 7 SYSTEMPATH\CodeIgniter.php(492): CodeIgniter\CodeIgniter->runController(Object(App\Controllers\PetList))
 8 SYSTEMPATH\CodeIgniter.php(353): CodeIgniter\CodeIgniter->handleRequest(null, Object(Config\Cache), false)
 9 FCPATH\index.php(79): CodeIgniter\CodeIgniter->run()
10 SYSTEMPATH\Commands\Server\rewrite.php(47): require_once('C:\\xampp\\htdocs\\BCPetHouse\\public\\index.php')
CRITICAL - 2024-01-01 01:34:09 --> Undefined variable $gender
in APPPATH\Views\admin\pet_list\detail.php on line 58.
 1 APPPATH\Views\admin\pet_list\detail.php(58): CodeIgniter\Debug\Exceptions->errorHandler(2, 'Undefined variable $gender', 'C:\\xampp\\htdocs\\BCPetHouse\\app\\Views\\admin\\pet_list\\detail.php', 58)
 2 SYSTEMPATH\View\View.php(226): include('C:\\xampp\\htdocs\\BCPetHouse\\app\\Views\\admin\\pet_list\\detail.php')
 3 SYSTEMPATH\View\View.php(229): CodeIgniter\View\View->CodeIgniter\View\{closure}()
 4 SYSTEMPATH\Common.php(1178): CodeIgniter\View\View->render('admin/pet_list/detail', [], true)
 5 APPPATH\Controllers\PetList.php(34): view('admin/pet_list/detail', [...])
 6 SYSTEMPATH\CodeIgniter.php(915): App\Controllers\PetList->detail('1')
 7 SYSTEMPATH\CodeIgniter.php(492): CodeIgniter\CodeIgniter->runController(Object(App\Controllers\PetList))
 8 SYSTEMPATH\CodeIgniter.php(353): CodeIgniter\CodeIgniter->handleRequest(null, Object(Config\Cache), false)
 9 FCPATH\index.php(79): CodeIgniter\CodeIgniter->run()
10 SYSTEMPATH\Commands\Server\rewrite.php(47): require_once('C:\\xampp\\htdocs\\BCPetHouse\\public\\index.php')
CRITICAL - 2024-01-01 01:39:39 --> Undefined variable $gender
in APPPATH\Views\admin\pet_list\detail.php on line 70.
 1 APPPATH\Views\admin\pet_list\detail.php(70): CodeIgniter\Debug\Exceptions->errorHandler(2, 'Undefined variable $gender', 'C:\\xampp\\htdocs\\BCPetHouse\\app\\Views\\admin\\pet_list\\detail.php', 70)
 2 SYSTEMPATH\View\View.php(226): include('C:\\xampp\\htdocs\\BCPetHouse\\app\\Views\\admin\\pet_list\\detail.php')
 3 SYSTEMPATH\View\View.php(229): CodeIgniter\View\View->CodeIgniter\View\{closure}()
 4 SYSTEMPATH\Common.php(1178): CodeIgniter\View\View->render('admin/pet_list/detail', [], true)
 5 APPPATH\Controllers\PetList.php(34): view('admin/pet_list/detail', [...])
 6 SYSTEMPATH\CodeIgniter.php(915): App\Controllers\PetList->detail('2')
 7 SYSTEMPATH\CodeIgniter.php(492): CodeIgniter\CodeIgniter->runController(Object(App\Controllers\PetList))
 8 SYSTEMPATH\CodeIgniter.php(353): CodeIgniter\CodeIgniter->handleRequest(null, Object(Config\Cache), false)
 9 FCPATH\index.php(79): CodeIgniter\CodeIgniter->run()
10 SYSTEMPATH\Commands\Server\rewrite.php(47): require_once('C:\\xampp\\htdocs\\BCPetHouse\\public\\index.php')
