INFO - 2024-02-22 01:39:47 --> Session: Class initialized using 'CodeIgniter\Session\Handlers\FileHandler' driver.
INFO - 2024-02-22 01:39:52 --> Session: Class initialized using 'CodeIgniter\Session\Handlers\FileHandler' driver.
INFO - 2024-02-22 01:39:54 --> Session: Class initialized using 'CodeIgniter\Session\Handlers\FileHandler' driver.
INFO - 2024-02-22 01:39:58 --> Session: Class initialized using 'CodeIgniter\Session\Handlers\FileHandler' driver.
INFO - 2024-02-22 01:47:13 --> Session: Class initialized using 'CodeIgniter\Session\Handlers\FileHandler' driver.
CRITICAL - 2024-02-22 01:47:13 --> Undefined array key "rawat_inap.id"
in APPPATH\Views\admin\rawat_inap\index.php on line 34.
 1 APPPATH\Views\admin\rawat_inap\index.php(34): CodeIgniter\Debug\Exceptions->errorHandler(2, 'Undefined array key "rawat_inap.id"', 'D:\\Project (external)\\BCPetHouse\\app\\Views\\admin\\rawat_inap\\index.php', 34)
 2 SYSTEMPATH\View\View.php(226): include('D:\\Project (external)\\BCPetHouse\\app\\Views\\admin\\rawat_inap\\index.php')
 3 SYSTEMPATH\View\View.php(229): CodeIgniter\View\View->CodeIgniter\View\{closure}()
 4 SYSTEMPATH\Common.php(1178): CodeIgniter\View\View->render('admin/rawat_inap/index', [], true)
 5 APPPATH\Controllers\RawatInap.php(22): view('admin/rawat_inap/index', [...])
 6 SYSTEMPATH\CodeIgniter.php(915): App\Controllers\RawatInap->index()
 7 SYSTEMPATH\CodeIgniter.php(492): CodeIgniter\CodeIgniter->runController(Object(App\Controllers\RawatInap))
 8 SYSTEMPATH\CodeIgniter.php(353): CodeIgniter\CodeIgniter->handleRequest(null, Object(Config\Cache), false)
 9 FCPATH\index.php(79): CodeIgniter\CodeIgniter->run()
10 SYSTEMPATH\Commands\Server\rewrite.php(47): require_once('D:\\Project (external)\\BCPetHouse\\public\\index.php')
INFO - 2024-02-22 01:48:06 --> Session: Class initialized using 'CodeIgniter\Session\Handlers\FileHandler' driver.
CRITICAL - 2024-02-22 01:48:06 --> Undefined array key "rawat_inap.id"
in APPPATH\Views\admin\rawat_inap\index.php on line 34.
 1 APPPATH\Views\admin\rawat_inap\index.php(34): CodeIgniter\Debug\Exceptions->errorHandler(2, 'Undefined array key "rawat_inap.id"', 'D:\\Project (external)\\BCPetHouse\\app\\Views\\admin\\rawat_inap\\index.php', 34)
 2 SYSTEMPATH\View\View.php(226): include('D:\\Project (external)\\BCPetHouse\\app\\Views\\admin\\rawat_inap\\index.php')
 3 SYSTEMPATH\View\View.php(229): CodeIgniter\View\View->CodeIgniter\View\{closure}()
 4 SYSTEMPATH\Common.php(1178): CodeIgniter\View\View->render('admin/rawat_inap/index', [], true)
 5 APPPATH\Controllers\RawatInap.php(22): view('admin/rawat_inap/index', [...])
 6 SYSTEMPATH\CodeIgniter.php(915): App\Controllers\RawatInap->index()
 7 SYSTEMPATH\CodeIgniter.php(492): CodeIgniter\CodeIgniter->runController(Object(App\Controllers\RawatInap))
 8 SYSTEMPATH\CodeIgniter.php(353): CodeIgniter\CodeIgniter->handleRequest(null, Object(Config\Cache), false)
 9 FCPATH\index.php(79): CodeIgniter\CodeIgniter->run()
10 SYSTEMPATH\Commands\Server\rewrite.php(47): require_once('D:\\Project (external)\\BCPetHouse\\public\\index.php')
INFO - 2024-02-22 01:48:07 --> Session: Class initialized using 'CodeIgniter\Session\Handlers\FileHandler' driver.
INFO - 2024-02-22 01:48:09 --> Session: Class initialized using 'CodeIgniter\Session\Handlers\FileHandler' driver.
CRITICAL - 2024-02-22 01:48:09 --> Undefined array key "rawat_inap.id"
in APPPATH\Views\admin\rawat_inap\index.php on line 34.
 1 APPPATH\Views\admin\rawat_inap\index.php(34): CodeIgniter\Debug\Exceptions->errorHandler(2, 'Undefined array key "rawat_inap.id"', 'D:\\Project (external)\\BCPetHouse\\app\\Views\\admin\\rawat_inap\\index.php', 34)
 2 SYSTEMPATH\View\View.php(226): include('D:\\Project (external)\\BCPetHouse\\app\\Views\\admin\\rawat_inap\\index.php')
 3 SYSTEMPATH\View\View.php(229): CodeIgniter\View\View->CodeIgniter\View\{closure}()
 4 SYSTEMPATH\Common.php(1178): CodeIgniter\View\View->render('admin/rawat_inap/index', [], true)
 5 APPPATH\Controllers\RawatInap.php(22): view('admin/rawat_inap/index', [...])
 6 SYSTEMPATH\CodeIgniter.php(915): App\Controllers\RawatInap->index()
 7 SYSTEMPATH\CodeIgniter.php(492): CodeIgniter\CodeIgniter->runController(Object(App\Controllers\RawatInap))
 8 SYSTEMPATH\CodeIgniter.php(353): CodeIgniter\CodeIgniter->handleRequest(null, Object(Config\Cache), false)
 9 FCPATH\index.php(79): CodeIgniter\CodeIgniter->run()
10 SYSTEMPATH\Commands\Server\rewrite.php(47): require_once('D:\\Project (external)\\BCPetHouse\\public\\index.php')
INFO - 2024-02-22 01:48:19 --> Session: Class initialized using 'CodeIgniter\Session\Handlers\FileHandler' driver.
INFO - 2024-02-22 01:48:21 --> Session: Class initialized using 'CodeIgniter\Session\Handlers\FileHandler' driver.
INFO - 2024-02-22 01:48:21 --> Session: Class initialized using 'CodeIgniter\Session\Handlers\FileHandler' driver.
INFO - 2024-02-22 07:52:20 --> Session: Class initialized using 'CodeIgniter\Session\Handlers\FileHandler' driver.
