INFO - 2024-06-20 13:45:40 --> Session: Class initialized using 'CodeIgniter\Session\Handlers\FileHandler' driver.
INFO - 2024-06-20 13:45:43 --> Session: Class initialized using 'CodeIgniter\Session\Handlers\FileHandler' driver.
ERROR - 2024-06-20 13:45:47 --> Error connecting to the database: mysqli_sql_exception: No connection could be made because the target machine actively refused it in C:\xampp\htdocs\BCPetHouse\system\Database\MySQLi\Connection.php:185
Stack trace:
#0 C:\xampp\htdocs\BCPetHouse\system\Database\MySQLi\Connection.php(185): mysqli->real_connect('localhost', 'root', '', 'bcpet_db', 3306, '', 0)
#1 C:\xampp\htdocs\BCPetHouse\system\Database\BaseConnection.php(391): CodeIgniter\Database\MySQLi\Connection->connect(false)
#2 C:\xampp\htdocs\BCPetHouse\system\Database\BaseConnection.php(574): CodeIgniter\Database\BaseConnection->initialize()
#3 C:\xampp\htdocs\BCPetHouse\system\Database\BaseBuilder.php(1616): CodeIgniter\Database\BaseConnection->query('SELECT `rawat_i...', Array, false)
#4 C:\xampp\htdocs\BCPetHouse\system\Model.php(237): CodeIgniter\Database\BaseBuilder->get()
#5 C:\xampp\htdocs\BCPetHouse\system\BaseModel.php(624): CodeIgniter\Model->doFindAll(0, 0)
#6 C:\xampp\htdocs\BCPetHouse\app\Models\RawatInapModel.php(39): CodeIgniter\BaseModel->findAll()
#7 C:\xampp\htdocs\BCPetHouse\app\Controllers\RawatInap.php(29): App\Models\RawatInapModel->getRawatInap()
#8 C:\xampp\htdocs\BCPetHouse\system\CodeIgniter.php(915): App\Controllers\RawatInap->index()
#9 C:\xampp\htdocs\BCPetHouse\system\CodeIgniter.php(492): CodeIgniter\CodeIgniter->runController(Object(App\Controllers\RawatInap))
#10 C:\xampp\htdocs\BCPetHouse\system\CodeIgniter.php(353): CodeIgniter\CodeIgniter->handleRequest(NULL, Object(Config\Cache), false)
#11 C:\xampp\htdocs\BCPetHouse\public\index.php(79): CodeIgniter\CodeIgniter->run()
#12 C:\xampp\htdocs\BCPetHouse\system\Commands\Server\rewrite.php(47): require_once('C:\\xampp\\htdocs...')
#13 {main}

Next CodeIgniter\Database\Exceptions\DatabaseException: No connection could be made because the target machine actively refused it in C:\xampp\htdocs\BCPetHouse\system\Database\MySQLi\Connection.php:229
Stack trace:
#0 C:\xampp\htdocs\BCPetHouse\system\Database\BaseConnection.php(391): CodeIgniter\Database\MySQLi\Connection->connect(false)
#1 C:\xampp\htdocs\BCPetHouse\system\Database\BaseConnection.php(574): CodeIgniter\Database\BaseConnection->initialize()
#2 C:\xampp\htdocs\BCPetHouse\system\Database\BaseBuilder.php(1616): CodeIgniter\Database\BaseConnection->query('SELECT `rawat_i...', Array, false)
#3 C:\xampp\htdocs\BCPetHouse\system\Model.php(237): CodeIgniter\Database\BaseBuilder->get()
#4 C:\xampp\htdocs\BCPetHouse\system\BaseModel.php(624): CodeIgniter\Model->doFindAll(0, 0)
#5 C:\xampp\htdocs\BCPetHouse\app\Models\RawatInapModel.php(39): CodeIgniter\BaseModel->findAll()
#6 C:\xampp\htdocs\BCPetHouse\app\Controllers\RawatInap.php(29): App\Models\RawatInapModel->getRawatInap()
#7 C:\xampp\htdocs\BCPetHouse\system\CodeIgniter.php(915): App\Controllers\RawatInap->index()
#8 C:\xampp\htdocs\BCPetHouse\system\CodeIgniter.php(492): CodeIgniter\CodeIgniter->runController(Object(App\Controllers\RawatInap))
#9 C:\xampp\htdocs\BCPetHouse\system\CodeIgniter.php(353): CodeIgniter\CodeIgniter->handleRequest(NULL, Object(Config\Cache), false)
#10 C:\xampp\htdocs\BCPetHouse\public\index.php(79): CodeIgniter\CodeIgniter->run()
#11 C:\xampp\htdocs\BCPetHouse\system\Commands\Server\rewrite.php(47): require_once('C:\\xampp\\htdocs...')
#12 {main}
CRITICAL - 2024-06-20 13:45:47 --> Unable to connect to the database.
Main connection [MySQLi]: No connection could be made because the target machine actively refused it
in SYSTEMPATH\Database\BaseConnection.php on line 427.
 1 SYSTEMPATH\Database\BaseConnection.php(574): CodeIgniter\Database\BaseConnection->initialize()
 2 SYSTEMPATH\Database\BaseBuilder.php(1616): CodeIgniter\Database\BaseConnection->query('SELECT `rawat_inap`.*, `pp`.`name`, `pp`.`owner_name`, `pp`.`address`
FROM `rawat_inap`
JOIN `ambulatoir` as `am` ON `rawat_inap`.`id_ambulatoir` = `am`.`id`
JOIN `pet_profile` as `pp` ON `rawat_inap`.`id_petProfile` = `pp`.`id`', [], false)
 3 SYSTEMPATH\Model.php(237): CodeIgniter\Database\BaseBuilder->get()
 4 SYSTEMPATH\BaseModel.php(624): CodeIgniter\Model->doFindAll(0, 0)
 5 APPPATH\Models\RawatInapModel.php(39): CodeIgniter\BaseModel->findAll()
 6 APPPATH\Controllers\RawatInap.php(29): App\Models\RawatInapModel->getRawatInap()
 7 SYSTEMPATH\CodeIgniter.php(915): App\Controllers\RawatInap->index()
 8 SYSTEMPATH\CodeIgniter.php(492): CodeIgniter\CodeIgniter->runController(Object(App\Controllers\RawatInap))
 9 SYSTEMPATH\CodeIgniter.php(353): CodeIgniter\CodeIgniter->handleRequest(null, Object(Config\Cache), false)
10 FCPATH\index.php(79): CodeIgniter\CodeIgniter->run()
11 SYSTEMPATH\Commands\Server\rewrite.php(47): require_once('C:\\xampp\\htdocs\\BCPetHouse\\public\\index.php')
INFO - 2024-06-20 13:46:37 --> Session: Class initialized using 'CodeIgniter\Session\Handlers\FileHandler' driver.
INFO - 2024-06-20 13:47:41 --> Session: Class initialized using 'CodeIgniter\Session\Handlers\FileHandler' driver.
INFO - 2024-06-20 13:47:42 --> Session: Class initialized using 'CodeIgniter\Session\Handlers\FileHandler' driver.
INFO - 2024-06-20 13:47:44 --> Session: Class initialized using 'CodeIgniter\Session\Handlers\FileHandler' driver.
INFO - 2024-06-20 13:47:46 --> Session: Class initialized using 'CodeIgniter\Session\Handlers\FileHandler' driver.
INFO - 2024-06-20 13:47:46 --> Session: Class initialized using 'CodeIgniter\Session\Handlers\FileHandler' driver.
INFO - 2024-06-20 13:47:50 --> Session: Class initialized using 'CodeIgniter\Session\Handlers\FileHandler' driver.
INFO - 2024-06-20 13:47:51 --> Session: Class initialized using 'CodeIgniter\Session\Handlers\FileHandler' driver.
INFO - 2024-06-20 13:47:51 --> Session: Class initialized using 'CodeIgniter\Session\Handlers\FileHandler' driver.
INFO - 2024-06-20 14:19:07 --> Session: Class initialized using 'CodeIgniter\Session\Handlers\FileHandler' driver.
INFO - 2024-06-20 14:19:33 --> Session: Class initialized using 'CodeIgniter\Session\Handlers\FileHandler' driver.
INFO - 2024-06-20 14:25:17 --> Session: Class initialized using 'CodeIgniter\Session\Handlers\FileHandler' driver.
INFO - 2024-06-20 14:27:15 --> Session: Class initialized using 'CodeIgniter\Session\Handlers\FileHandler' driver.
INFO - 2024-06-20 14:27:41 --> Session: Class initialized using 'CodeIgniter\Session\Handlers\FileHandler' driver.
INFO - 2024-06-20 14:28:05 --> Session: Class initialized using 'CodeIgniter\Session\Handlers\FileHandler' driver.
INFO - 2024-06-20 14:31:42 --> Session: Class initialized using 'CodeIgniter\Session\Handlers\FileHandler' driver.
INFO - 2024-06-20 14:37:41 --> Session: Class initialized using 'CodeIgniter\Session\Handlers\FileHandler' driver.
INFO - 2024-06-20 14:39:19 --> Session: Class initialized using 'CodeIgniter\Session\Handlers\FileHandler' driver.
INFO - 2024-06-20 15:03:55 --> Session: Class initialized using 'CodeIgniter\Session\Handlers\FileHandler' driver.
INFO - 2024-06-20 15:04:20 --> Session: Class initialized using 'CodeIgniter\Session\Handlers\FileHandler' driver.
INFO - 2024-06-20 22:30:33 --> Session: Class initialized using 'CodeIgniter\Session\Handlers\FileHandler' driver.
INFO - 2024-06-20 22:30:47 --> Session: Class initialized using 'CodeIgniter\Session\Handlers\FileHandler' driver.
INFO - 2024-06-20 22:34:33 --> Session: Class initialized using 'CodeIgniter\Session\Handlers\FileHandler' driver.
INFO - 2024-06-20 22:37:43 --> Session: Class initialized using 'CodeIgniter\Session\Handlers\FileHandler' driver.
INFO - 2024-06-20 22:37:57 --> Session: Class initialized using 'CodeIgniter\Session\Handlers\FileHandler' driver.
INFO - 2024-06-20 22:37:57 --> Session: Class initialized using 'CodeIgniter\Session\Handlers\FileHandler' driver.
INFO - 2024-06-20 22:38:00 --> Session: Class initialized using 'CodeIgniter\Session\Handlers\FileHandler' driver.
INFO - 2024-06-20 22:38:00 --> Session: Class initialized using 'CodeIgniter\Session\Handlers\FileHandler' driver.
INFO - 2024-06-20 22:38:14 --> Session: Class initialized using 'CodeIgniter\Session\Handlers\FileHandler' driver.
INFO - 2024-06-20 22:49:03 --> Session: Class initialized using 'CodeIgniter\Session\Handlers\FileHandler' driver.
INFO - 2024-06-20 22:49:06 --> Session: Class initialized using 'CodeIgniter\Session\Handlers\FileHandler' driver.
INFO - 2024-06-20 22:49:24 --> Session: Class initialized using 'CodeIgniter\Session\Handlers\FileHandler' driver.
INFO - 2024-06-20 22:50:20 --> Session: Class initialized using 'CodeIgniter\Session\Handlers\FileHandler' driver.
INFO - 2024-06-20 22:50:38 --> Session: Class initialized using 'CodeIgniter\Session\Handlers\FileHandler' driver.
INFO - 2024-06-20 22:50:59 --> Session: Class initialized using 'CodeIgniter\Session\Handlers\FileHandler' driver.
INFO - 2024-06-20 22:51:26 --> Session: Class initialized using 'CodeIgniter\Session\Handlers\FileHandler' driver.
INFO - 2024-06-20 22:51:45 --> Session: Class initialized using 'CodeIgniter\Session\Handlers\FileHandler' driver.
INFO - 2024-06-20 22:55:21 --> Session: Class initialized using 'CodeIgniter\Session\Handlers\FileHandler' driver.
INFO - 2024-06-20 22:55:39 --> Session: Class initialized using 'CodeIgniter\Session\Handlers\FileHandler' driver.
INFO - 2024-06-20 22:57:35 --> Session: Class initialized using 'CodeIgniter\Session\Handlers\FileHandler' driver.
INFO - 2024-06-20 22:57:51 --> Session: Class initialized using 'CodeIgniter\Session\Handlers\FileHandler' driver.
INFO - 2024-06-20 22:58:07 --> Session: Class initialized using 'CodeIgniter\Session\Handlers\FileHandler' driver.
INFO - 2024-06-20 22:58:51 --> Session: Class initialized using 'CodeIgniter\Session\Handlers\FileHandler' driver.
INFO - 2024-06-20 22:59:14 --> Session: Class initialized using 'CodeIgniter\Session\Handlers\FileHandler' driver.
INFO - 2024-06-20 23:14:33 --> Session: Class initialized using 'CodeIgniter\Session\Handlers\FileHandler' driver.
INFO - 2024-06-20 23:14:59 --> Session: Class initialized using 'CodeIgniter\Session\Handlers\FileHandler' driver.
INFO - 2024-06-20 23:15:06 --> Session: Class initialized using 'CodeIgniter\Session\Handlers\FileHandler' driver.
INFO - 2024-06-20 23:15:08 --> Session: Class initialized using 'CodeIgniter\Session\Handlers\FileHandler' driver.
INFO - 2024-06-20 23:15:10 --> Session: Class initialized using 'CodeIgniter\Session\Handlers\FileHandler' driver.
INFO - 2024-06-20 23:15:11 --> Session: Class initialized using 'CodeIgniter\Session\Handlers\FileHandler' driver.
INFO - 2024-06-20 23:15:13 --> Session: Class initialized using 'CodeIgniter\Session\Handlers\FileHandler' driver.
INFO - 2024-06-20 23:15:14 --> Session: Class initialized using 'CodeIgniter\Session\Handlers\FileHandler' driver.
INFO - 2024-06-20 23:15:15 --> Session: Class initialized using 'CodeIgniter\Session\Handlers\FileHandler' driver.
INFO - 2024-06-20 23:15:16 --> Session: Class initialized using 'CodeIgniter\Session\Handlers\FileHandler' driver.
INFO - 2024-06-20 23:50:39 --> Session: Class initialized using 'CodeIgniter\Session\Handlers\FileHandler' driver.
CRITICAL - 2024-06-20 23:50:39 --> Undefined variable $amnesa
in APPPATH\Views\admin\pet_list\detail.php on line 152.
 1 APPPATH\Views\admin\pet_list\detail.php(152): CodeIgniter\Debug\Exceptions->errorHandler(2, 'Undefined variable $amnesa', 'C:\\xampp\\htdocs\\BCPetHouse\\app\\Views\\admin\\pet_list\\detail.php', 152)
 2 SYSTEMPATH\View\View.php(226): include('C:\\xampp\\htdocs\\BCPetHouse\\app\\Views\\admin\\pet_list\\detail.php')
 3 SYSTEMPATH\View\View.php(229): CodeIgniter\View\View->CodeIgniter\View\{closure}()
 4 SYSTEMPATH\Common.php(1178): CodeIgniter\View\View->render('admin/pet_list/detail', [], true)
 5 APPPATH\Controllers\PetList.php(70): view('admin/pet_list/detail', [...])
 6 SYSTEMPATH\CodeIgniter.php(915): App\Controllers\PetList->detail('8')
 7 SYSTEMPATH\CodeIgniter.php(492): CodeIgniter\CodeIgniter->runController(Object(App\Controllers\PetList))
 8 SYSTEMPATH\CodeIgniter.php(353): CodeIgniter\CodeIgniter->handleRequest(null, Object(Config\Cache), false)
 9 FCPATH\index.php(79): CodeIgniter\CodeIgniter->run()
10 SYSTEMPATH\Commands\Server\rewrite.php(47): require_once('C:\\xampp\\htdocs\\BCPetHouse\\public\\index.php')
CRITICAL - 2024-06-20 23:51:22 --> syntax error, unexpected token "->"
in APPPATH\Controllers\PetList.php on line 192.
 1 SYSTEMPATH\Router\Router.php(512): CodeIgniter\Router\AutoRouter->getRoute('PetList/detail/8', 'get')
 2 SYSTEMPATH\Router\Router.php(208): CodeIgniter\Router\Router->autoRoute('PetList/detail/8')
 3 SYSTEMPATH\CodeIgniter.php(796): CodeIgniter\Router\Router->handle('PetList/detail/8')
 4 SYSTEMPATH\CodeIgniter.php(442): CodeIgniter\CodeIgniter->tryToRouteIt(Object(CodeIgniter\Router\RouteCollection))
 5 SYSTEMPATH\CodeIgniter.php(353): CodeIgniter\CodeIgniter->handleRequest(null, Object(Config\Cache), false)
 6 FCPATH\index.php(79): CodeIgniter\CodeIgniter->run()
 7 SYSTEMPATH\Commands\Server\rewrite.php(47): require_once('C:\\xampp\\htdocs\\BCPetHouse\\public\\index.php')
INFO - 2024-06-20 23:51:30 --> Session: Class initialized using 'CodeIgniter\Session\Handlers\FileHandler' driver.
CRITICAL - 2024-06-20 23:51:30 --> Undefined variable $amnesa
in APPPATH\Views\admin\pet_list\detail.php on line 152.
 1 APPPATH\Views\admin\pet_list\detail.php(152): CodeIgniter\Debug\Exceptions->errorHandler(2, 'Undefined variable $amnesa', 'C:\\xampp\\htdocs\\BCPetHouse\\app\\Views\\admin\\pet_list\\detail.php', 152)
 2 SYSTEMPATH\View\View.php(226): include('C:\\xampp\\htdocs\\BCPetHouse\\app\\Views\\admin\\pet_list\\detail.php')
 3 SYSTEMPATH\View\View.php(229): CodeIgniter\View\View->CodeIgniter\View\{closure}()
 4 SYSTEMPATH\Common.php(1178): CodeIgniter\View\View->render('admin/pet_list/detail', [], true)
 5 APPPATH\Controllers\PetList.php(70): view('admin/pet_list/detail', [...])
 6 SYSTEMPATH\CodeIgniter.php(915): App\Controllers\PetList->detail('8')
 7 SYSTEMPATH\CodeIgniter.php(492): CodeIgniter\CodeIgniter->runController(Object(App\Controllers\PetList))
 8 SYSTEMPATH\CodeIgniter.php(353): CodeIgniter\CodeIgniter->handleRequest(null, Object(Config\Cache), false)
 9 FCPATH\index.php(79): CodeIgniter\CodeIgniter->run()
10 SYSTEMPATH\Commands\Server\rewrite.php(47): require_once('C:\\xampp\\htdocs\\BCPetHouse\\public\\index.php')
INFO - 2024-06-20 23:53:13 --> Session: Class initialized using 'CodeIgniter\Session\Handlers\FileHandler' driver.
CRITICAL - 2024-06-20 23:53:13 --> Undefined variable $ClincialFinding
in APPPATH\Views\admin\pet_list\detail.php on line 172.
 1 APPPATH\Views\admin\pet_list\detail.php(172): CodeIgniter\Debug\Exceptions->errorHandler(2, 'Undefined variable $ClincialFinding', 'C:\\xampp\\htdocs\\BCPetHouse\\app\\Views\\admin\\pet_list\\detail.php', 172)
 2 SYSTEMPATH\View\View.php(226): include('C:\\xampp\\htdocs\\BCPetHouse\\app\\Views\\admin\\pet_list\\detail.php')
 3 SYSTEMPATH\View\View.php(229): CodeIgniter\View\View->CodeIgniter\View\{closure}()
 4 SYSTEMPATH\Common.php(1178): CodeIgniter\View\View->render('admin/pet_list/detail', [], true)
 5 APPPATH\Controllers\PetList.php(70): view('admin/pet_list/detail', [...])
 6 SYSTEMPATH\CodeIgniter.php(915): App\Controllers\PetList->detail('8')
 7 SYSTEMPATH\CodeIgniter.php(492): CodeIgniter\CodeIgniter->runController(Object(App\Controllers\PetList))
 8 SYSTEMPATH\CodeIgniter.php(353): CodeIgniter\CodeIgniter->handleRequest(null, Object(Config\Cache), false)
 9 FCPATH\index.php(79): CodeIgniter\CodeIgniter->run()
10 SYSTEMPATH\Commands\Server\rewrite.php(47): require_once('C:\\xampp\\htdocs\\BCPetHouse\\public\\index.php')
INFO - 2024-06-20 23:54:41 --> Session: Class initialized using 'CodeIgniter\Session\Handlers\FileHandler' driver.
CRITICAL - 2024-06-20 23:54:41 --> Undefined variable $ClincialFinding
in APPPATH\Views\admin\pet_list\detail.php on line 172.
 1 APPPATH\Views\admin\pet_list\detail.php(172): CodeIgniter\Debug\Exceptions->errorHandler(2, 'Undefined variable $ClincialFinding', 'C:\\xampp\\htdocs\\BCPetHouse\\app\\Views\\admin\\pet_list\\detail.php', 172)
 2 SYSTEMPATH\View\View.php(226): include('C:\\xampp\\htdocs\\BCPetHouse\\app\\Views\\admin\\pet_list\\detail.php')
 3 SYSTEMPATH\View\View.php(229): CodeIgniter\View\View->CodeIgniter\View\{closure}()
 4 SYSTEMPATH\Common.php(1178): CodeIgniter\View\View->render('admin/pet_list/detail', [], true)
 5 APPPATH\Controllers\PetList.php(70): view('admin/pet_list/detail', [...])
 6 SYSTEMPATH\CodeIgniter.php(915): App\Controllers\PetList->detail('8')
 7 SYSTEMPATH\CodeIgniter.php(492): CodeIgniter\CodeIgniter->runController(Object(App\Controllers\PetList))
 8 SYSTEMPATH\CodeIgniter.php(353): CodeIgniter\CodeIgniter->handleRequest(null, Object(Config\Cache), false)
 9 FCPATH\index.php(79): CodeIgniter\CodeIgniter->run()
10 SYSTEMPATH\Commands\Server\rewrite.php(47): require_once('C:\\xampp\\htdocs\\BCPetHouse\\public\\index.php')
INFO - 2024-06-20 23:54:42 --> Session: Class initialized using 'CodeIgniter\Session\Handlers\FileHandler' driver.
CRITICAL - 2024-06-20 23:54:42 --> Undefined variable $ClincialFinding
in APPPATH\Views\admin\pet_list\detail.php on line 172.
 1 APPPATH\Views\admin\pet_list\detail.php(172): CodeIgniter\Debug\Exceptions->errorHandler(2, 'Undefined variable $ClincialFinding', 'C:\\xampp\\htdocs\\BCPetHouse\\app\\Views\\admin\\pet_list\\detail.php', 172)
 2 SYSTEMPATH\View\View.php(226): include('C:\\xampp\\htdocs\\BCPetHouse\\app\\Views\\admin\\pet_list\\detail.php')
 3 SYSTEMPATH\View\View.php(229): CodeIgniter\View\View->CodeIgniter\View\{closure}()
 4 SYSTEMPATH\Common.php(1178): CodeIgniter\View\View->render('admin/pet_list/detail', [], true)
 5 APPPATH\Controllers\PetList.php(70): view('admin/pet_list/detail', [...])
 6 SYSTEMPATH\CodeIgniter.php(915): App\Controllers\PetList->detail('8')
 7 SYSTEMPATH\CodeIgniter.php(492): CodeIgniter\CodeIgniter->runController(Object(App\Controllers\PetList))
 8 SYSTEMPATH\CodeIgniter.php(353): CodeIgniter\CodeIgniter->handleRequest(null, Object(Config\Cache), false)
 9 FCPATH\index.php(79): CodeIgniter\CodeIgniter->run()
10 SYSTEMPATH\Commands\Server\rewrite.php(47): require_once('C:\\xampp\\htdocs\\BCPetHouse\\public\\index.php')
INFO - 2024-06-20 23:54:55 --> Session: Class initialized using 'CodeIgniter\Session\Handlers\FileHandler' driver.
CRITICAL - 2024-06-20 23:54:55 --> Undefined variable $clincialFinding
in APPPATH\Views\admin\pet_list\detail.php on line 172.
 1 APPPATH\Views\admin\pet_list\detail.php(172): CodeIgniter\Debug\Exceptions->errorHandler(2, 'Undefined variable $clincialFinding', 'C:\\xampp\\htdocs\\BCPetHouse\\app\\Views\\admin\\pet_list\\detail.php', 172)
 2 SYSTEMPATH\View\View.php(226): include('C:\\xampp\\htdocs\\BCPetHouse\\app\\Views\\admin\\pet_list\\detail.php')
 3 SYSTEMPATH\View\View.php(229): CodeIgniter\View\View->CodeIgniter\View\{closure}()
 4 SYSTEMPATH\Common.php(1178): CodeIgniter\View\View->render('admin/pet_list/detail', [], true)
 5 APPPATH\Controllers\PetList.php(70): view('admin/pet_list/detail', [...])
 6 SYSTEMPATH\CodeIgniter.php(915): App\Controllers\PetList->detail('8')
 7 SYSTEMPATH\CodeIgniter.php(492): CodeIgniter\CodeIgniter->runController(Object(App\Controllers\PetList))
 8 SYSTEMPATH\CodeIgniter.php(353): CodeIgniter\CodeIgniter->handleRequest(null, Object(Config\Cache), false)
 9 FCPATH\index.php(79): CodeIgniter\CodeIgniter->run()
10 SYSTEMPATH\Commands\Server\rewrite.php(47): require_once('C:\\xampp\\htdocs\\BCPetHouse\\public\\index.php')
INFO - 2024-06-20 23:55:46 --> Session: Class initialized using 'CodeIgniter\Session\Handlers\FileHandler' driver.
CRITICAL - 2024-06-20 23:55:46 --> Undefined variable $clincialFinding
in APPPATH\Views\admin\pet_list\detail.php on line 172.
 1 APPPATH\Views\admin\pet_list\detail.php(172): CodeIgniter\Debug\Exceptions->errorHandler(2, 'Undefined variable $clincialFinding', 'C:\\xampp\\htdocs\\BCPetHouse\\app\\Views\\admin\\pet_list\\detail.php', 172)
 2 SYSTEMPATH\View\View.php(226): include('C:\\xampp\\htdocs\\BCPetHouse\\app\\Views\\admin\\pet_list\\detail.php')
 3 SYSTEMPATH\View\View.php(229): CodeIgniter\View\View->CodeIgniter\View\{closure}()
 4 SYSTEMPATH\Common.php(1178): CodeIgniter\View\View->render('admin/pet_list/detail', [], true)
 5 APPPATH\Controllers\PetList.php(70): view('admin/pet_list/detail', [...])
 6 SYSTEMPATH\CodeIgniter.php(915): App\Controllers\PetList->detail('8')
 7 SYSTEMPATH\CodeIgniter.php(492): CodeIgniter\CodeIgniter->runController(Object(App\Controllers\PetList))
 8 SYSTEMPATH\CodeIgniter.php(353): CodeIgniter\CodeIgniter->handleRequest(null, Object(Config\Cache), false)
 9 FCPATH\index.php(79): CodeIgniter\CodeIgniter->run()
10 SYSTEMPATH\Commands\Server\rewrite.php(47): require_once('C:\\xampp\\htdocs\\BCPetHouse\\public\\index.php')
INFO - 2024-06-20 23:56:03 --> Session: Class initialized using 'CodeIgniter\Session\Handlers\FileHandler' driver.
CRITICAL - 2024-06-20 23:56:03 --> Undefined variable $clincialFinding
in APPPATH\Views\admin\pet_list\detail.php on line 172.
 1 APPPATH\Views\admin\pet_list\detail.php(172): CodeIgniter\Debug\Exceptions->errorHandler(2, 'Undefined variable $clincialFinding', 'C:\\xampp\\htdocs\\BCPetHouse\\app\\Views\\admin\\pet_list\\detail.php', 172)
 2 SYSTEMPATH\View\View.php(226): include('C:\\xampp\\htdocs\\BCPetHouse\\app\\Views\\admin\\pet_list\\detail.php')
 3 SYSTEMPATH\View\View.php(229): CodeIgniter\View\View->CodeIgniter\View\{closure}()
 4 SYSTEMPATH\Common.php(1178): CodeIgniter\View\View->render('admin/pet_list/detail', [], true)
 5 APPPATH\Controllers\PetList.php(70): view('admin/pet_list/detail', [...])
 6 SYSTEMPATH\CodeIgniter.php(915): App\Controllers\PetList->detail('8')
 7 SYSTEMPATH\CodeIgniter.php(492): CodeIgniter\CodeIgniter->runController(Object(App\Controllers\PetList))
 8 SYSTEMPATH\CodeIgniter.php(353): CodeIgniter\CodeIgniter->handleRequest(null, Object(Config\Cache), false)
 9 FCPATH\index.php(79): CodeIgniter\CodeIgniter->run()
10 SYSTEMPATH\Commands\Server\rewrite.php(47): require_once('C:\\xampp\\htdocs\\BCPetHouse\\public\\index.php')
INFO - 2024-06-20 23:56:04 --> Session: Class initialized using 'CodeIgniter\Session\Handlers\FileHandler' driver.
CRITICAL - 2024-06-20 23:56:04 --> Undefined variable $clincialFinding
in APPPATH\Views\admin\pet_list\detail.php on line 172.
 1 APPPATH\Views\admin\pet_list\detail.php(172): CodeIgniter\Debug\Exceptions->errorHandler(2, 'Undefined variable $clincialFinding', 'C:\\xampp\\htdocs\\BCPetHouse\\app\\Views\\admin\\pet_list\\detail.php', 172)
 2 SYSTEMPATH\View\View.php(226): include('C:\\xampp\\htdocs\\BCPetHouse\\app\\Views\\admin\\pet_list\\detail.php')
 3 SYSTEMPATH\View\View.php(229): CodeIgniter\View\View->CodeIgniter\View\{closure}()
 4 SYSTEMPATH\Common.php(1178): CodeIgniter\View\View->render('admin/pet_list/detail', [], true)
 5 APPPATH\Controllers\PetList.php(70): view('admin/pet_list/detail', [...])
 6 SYSTEMPATH\CodeIgniter.php(915): App\Controllers\PetList->detail('8')
 7 SYSTEMPATH\CodeIgniter.php(492): CodeIgniter\CodeIgniter->runController(Object(App\Controllers\PetList))
 8 SYSTEMPATH\CodeIgniter.php(353): CodeIgniter\CodeIgniter->handleRequest(null, Object(Config\Cache), false)
 9 FCPATH\index.php(79): CodeIgniter\CodeIgniter->run()
10 SYSTEMPATH\Commands\Server\rewrite.php(47): require_once('C:\\xampp\\htdocs\\BCPetHouse\\public\\index.php')
INFO - 2024-06-20 23:56:04 --> Session: Class initialized using 'CodeIgniter\Session\Handlers\FileHandler' driver.
CRITICAL - 2024-06-20 23:56:04 --> Undefined variable $clincialFinding
in APPPATH\Views\admin\pet_list\detail.php on line 172.
 1 APPPATH\Views\admin\pet_list\detail.php(172): CodeIgniter\Debug\Exceptions->errorHandler(2, 'Undefined variable $clincialFinding', 'C:\\xampp\\htdocs\\BCPetHouse\\app\\Views\\admin\\pet_list\\detail.php', 172)
 2 SYSTEMPATH\View\View.php(226): include('C:\\xampp\\htdocs\\BCPetHouse\\app\\Views\\admin\\pet_list\\detail.php')
 3 SYSTEMPATH\View\View.php(229): CodeIgniter\View\View->CodeIgniter\View\{closure}()
 4 SYSTEMPATH\Common.php(1178): CodeIgniter\View\View->render('admin/pet_list/detail', [], true)
 5 APPPATH\Controllers\PetList.php(70): view('admin/pet_list/detail', [...])
 6 SYSTEMPATH\CodeIgniter.php(915): App\Controllers\PetList->detail('8')
 7 SYSTEMPATH\CodeIgniter.php(492): CodeIgniter\CodeIgniter->runController(Object(App\Controllers\PetList))
 8 SYSTEMPATH\CodeIgniter.php(353): CodeIgniter\CodeIgniter->handleRequest(null, Object(Config\Cache), false)
 9 FCPATH\index.php(79): CodeIgniter\CodeIgniter->run()
10 SYSTEMPATH\Commands\Server\rewrite.php(47): require_once('C:\\xampp\\htdocs\\BCPetHouse\\public\\index.php')
INFO - 2024-06-20 23:56:05 --> Session: Class initialized using 'CodeIgniter\Session\Handlers\FileHandler' driver.
CRITICAL - 2024-06-20 23:56:05 --> Undefined variable $clincialFinding
in APPPATH\Views\admin\pet_list\detail.php on line 172.
 1 APPPATH\Views\admin\pet_list\detail.php(172): CodeIgniter\Debug\Exceptions->errorHandler(2, 'Undefined variable $clincialFinding', 'C:\\xampp\\htdocs\\BCPetHouse\\app\\Views\\admin\\pet_list\\detail.php', 172)
 2 SYSTEMPATH\View\View.php(226): include('C:\\xampp\\htdocs\\BCPetHouse\\app\\Views\\admin\\pet_list\\detail.php')
 3 SYSTEMPATH\View\View.php(229): CodeIgniter\View\View->CodeIgniter\View\{closure}()
 4 SYSTEMPATH\Common.php(1178): CodeIgniter\View\View->render('admin/pet_list/detail', [], true)
 5 APPPATH\Controllers\PetList.php(70): view('admin/pet_list/detail', [...])
 6 SYSTEMPATH\CodeIgniter.php(915): App\Controllers\PetList->detail('8')
 7 SYSTEMPATH\CodeIgniter.php(492): CodeIgniter\CodeIgniter->runController(Object(App\Controllers\PetList))
 8 SYSTEMPATH\CodeIgniter.php(353): CodeIgniter\CodeIgniter->handleRequest(null, Object(Config\Cache), false)
 9 FCPATH\index.php(79): CodeIgniter\CodeIgniter->run()
10 SYSTEMPATH\Commands\Server\rewrite.php(47): require_once('C:\\xampp\\htdocs\\BCPetHouse\\public\\index.php')
INFO - 2024-06-20 23:57:12 --> Session: Class initialized using 'CodeIgniter\Session\Handlers\FileHandler' driver.
CRITICAL - 2024-06-20 23:57:12 --> Undefined variable $medication
in APPPATH\Views\admin\pet_list\detail.php on line 192.
 1 APPPATH\Views\admin\pet_list\detail.php(192): CodeIgniter\Debug\Exceptions->errorHandler(2, 'Undefined variable $medication', 'C:\\xampp\\htdocs\\BCPetHouse\\app\\Views\\admin\\pet_list\\detail.php', 192)
 2 SYSTEMPATH\View\View.php(226): include('C:\\xampp\\htdocs\\BCPetHouse\\app\\Views\\admin\\pet_list\\detail.php')
 3 SYSTEMPATH\View\View.php(229): CodeIgniter\View\View->CodeIgniter\View\{closure}()
 4 SYSTEMPATH\Common.php(1178): CodeIgniter\View\View->render('admin/pet_list/detail', [], true)
 5 APPPATH\Controllers\PetList.php(70): view('admin/pet_list/detail', [...])
 6 SYSTEMPATH\CodeIgniter.php(915): App\Controllers\PetList->detail('8')
 7 SYSTEMPATH\CodeIgniter.php(492): CodeIgniter\CodeIgniter->runController(Object(App\Controllers\PetList))
 8 SYSTEMPATH\CodeIgniter.php(353): CodeIgniter\CodeIgniter->handleRequest(null, Object(Config\Cache), false)
 9 FCPATH\index.php(79): CodeIgniter\CodeIgniter->run()
10 SYSTEMPATH\Commands\Server\rewrite.php(47): require_once('C:\\xampp\\htdocs\\BCPetHouse\\public\\index.php')
INFO - 2024-06-20 23:57:21 --> Session: Class initialized using 'CodeIgniter\Session\Handlers\FileHandler' driver.
INFO - 2024-06-20 23:57:25 --> Session: Class initialized using 'CodeIgniter\Session\Handlers\FileHandler' driver.
INFO - 2024-06-20 23:57:39 --> Session: Class initialized using 'CodeIgniter\Session\Handlers\FileHandler' driver.
INFO - 2024-06-20 23:57:45 --> Session: Class initialized using 'CodeIgniter\Session\Handlers\FileHandler' driver.
INFO - 2024-06-20 23:57:50 --> Session: Class initialized using 'CodeIgniter\Session\Handlers\FileHandler' driver.
INFO - 2024-06-20 23:57:52 --> Session: Class initialized using 'CodeIgniter\Session\Handlers\FileHandler' driver.
INFO - 2024-06-20 23:58:38 --> Session: Class initialized using 'CodeIgniter\Session\Handlers\FileHandler' driver.
INFO - 2024-06-20 23:58:50 --> Session: Class initialized using 'CodeIgniter\Session\Handlers\FileHandler' driver.
