CRITICAL - 2023-12-07 01:54:12 --> Undefined variable $data
in APPPATH\Controllers\Ambulatoir.php on line 17.
 1 APPPATH\Controllers\Ambulatoir.php(17): CodeIgniter\Debug\Exceptions->errorHandler(2, 'Undefined variable $data', 'D:\\Project (external)\\BCPetHouse\\app\\Controllers\\Ambulatoir.php', 17)
 2 SYSTEMPATH\CodeIgniter.php(915): App\Controllers\Ambulatoir->detail_ambulatoir()
 3 SYSTEMPATH\CodeIgniter.php(492): CodeIgniter\CodeIgniter->runController(Object(App\Controllers\Ambulatoir))
 4 SYSTEMPATH\CodeIgniter.php(353): CodeIgniter\CodeIgniter->handleRequest(null, Object(Config\Cache), false)
 5 FCPATH\index.php(79): CodeIgniter\CodeIgniter->run()
 6 SYSTEMPATH\Commands\Server\rewrite.php(47): require_once('D:\\Project (external)\\BCPetHouse\\public\\index.php')
CRITICAL - 2023-12-07 01:54:35 --> Undefined variable $active
in APPPATH\Views\layout\_sidebar.php on line 13.
 1 APPPATH\Views\layout\_sidebar.php(13): CodeIgniter\Debug\Exceptions->errorHandler(2, 'Undefined variable $active', 'D:\\Project (external)\\BCPetHouse\\app\\Views\\layout\\_sidebar.php', 13)
 2 SYSTEMPATH\View\View.php(226): include('D:\\Project (external)\\BCPetHouse\\app\\Views\\layout\\_sidebar.php')
 3 SYSTEMPATH\View\View.php(229): CodeIgniter\View\View->CodeIgniter\View\{closure}()
 4 SYSTEMPATH\View\View.php(467): CodeIgniter\View\View->render('layout/_sidebar', null, true)
 5 APPPATH\Views\layout\templates.php(38): CodeIgniter\View\View->include('layout/_sidebar')
 6 SYSTEMPATH\View\View.php(226): include('D:\\Project (external)\\BCPetHouse\\app\\Views\\layout\\templates.php')
 7 SYSTEMPATH\View\View.php(229): CodeIgniter\View\View->CodeIgniter\View\{closure}()
 8 SYSTEMPATH\View\View.php(242): CodeIgniter\View\View->render('layout/templates', [], true)
 9 SYSTEMPATH\Common.php(1178): CodeIgniter\View\View->render('admin/ambulatoir/detail', [], true)
10 APPPATH\Controllers\Ambulatoir.php(17): view('admin/ambulatoir/detail')
11 SYSTEMPATH\CodeIgniter.php(915): App\Controllers\Ambulatoir->detail_ambulatoir()
12 SYSTEMPATH\CodeIgniter.php(492): CodeIgniter\CodeIgniter->runController(Object(App\Controllers\Ambulatoir))
13 SYSTEMPATH\CodeIgniter.php(353): CodeIgniter\CodeIgniter->handleRequest(null, Object(Config\Cache), false)
14 FCPATH\index.php(79): CodeIgniter\CodeIgniter->run()
15 SYSTEMPATH\Commands\Server\rewrite.php(47): require_once('D:\\Project (external)\\BCPetHouse\\public\\index.php')
CRITICAL - 2023-12-07 01:54:36 --> Undefined variable $active
in APPPATH\Views\layout\_sidebar.php on line 13.
 1 APPPATH\Views\layout\_sidebar.php(13): CodeIgniter\Debug\Exceptions->errorHandler(2, 'Undefined variable $active', 'D:\\Project (external)\\BCPetHouse\\app\\Views\\layout\\_sidebar.php', 13)
 2 SYSTEMPATH\View\View.php(226): include('D:\\Project (external)\\BCPetHouse\\app\\Views\\layout\\_sidebar.php')
 3 SYSTEMPATH\View\View.php(229): CodeIgniter\View\View->CodeIgniter\View\{closure}()
 4 SYSTEMPATH\View\View.php(467): CodeIgniter\View\View->render('layout/_sidebar', null, true)
 5 APPPATH\Views\layout\templates.php(38): CodeIgniter\View\View->include('layout/_sidebar')
 6 SYSTEMPATH\View\View.php(226): include('D:\\Project (external)\\BCPetHouse\\app\\Views\\layout\\templates.php')
 7 SYSTEMPATH\View\View.php(229): CodeIgniter\View\View->CodeIgniter\View\{closure}()
 8 SYSTEMPATH\View\View.php(242): CodeIgniter\View\View->render('layout/templates', [], true)
 9 SYSTEMPATH\Common.php(1178): CodeIgniter\View\View->render('admin/ambulatoir/detail', [], true)
10 APPPATH\Controllers\Ambulatoir.php(17): view('admin/ambulatoir/detail')
11 SYSTEMPATH\CodeIgniter.php(915): App\Controllers\Ambulatoir->detail_ambulatoir()
12 SYSTEMPATH\CodeIgniter.php(492): CodeIgniter\CodeIgniter->runController(Object(App\Controllers\Ambulatoir))
13 SYSTEMPATH\CodeIgniter.php(353): CodeIgniter\CodeIgniter->handleRequest(null, Object(Config\Cache), false)
14 FCPATH\index.php(79): CodeIgniter\CodeIgniter->run()
15 SYSTEMPATH\Commands\Server\rewrite.php(47): require_once('D:\\Project (external)\\BCPetHouse\\public\\index.php')
