CRITICAL - 2023-09-02 15:11:34 --> Invalid file: "dashoard/index.php"
in SYSTEMPATH\Exceptions\FrameworkException.php on line 39.
 1 SYSTEMPATH\View\View.php(214): CodeIgniter\Exceptions\FrameworkException::forInvalidFile('dashoard/index.php')
 2 SYSTEMPATH\Common.php(1178): CodeIgniter\View\View->render('dashoard/index', [], true)
 3 APPPATH\Controllers\Dashboard.php(8): view('dashoard/index')
 4 SYSTEMPATH\CodeIgniter.php(915): App\Controllers\Dashboard->index()
 5 SYSTEMPATH\CodeIgniter.php(492): CodeIgniter\CodeIgniter->runController(Object(App\Controllers\Dashboard))
 6 SYSTEMPATH\CodeIgniter.php(353): CodeIgniter\CodeIgniter->handleRequest(null, Object(Config\Cache), false)
 7 FCPATH\index.php(79): CodeIgniter\CodeIgniter->run()
CRITICAL - 2023-09-02 15:12:04 --> Invalid file: "dashoard/index.php"
in SYSTEMPATH\Exceptions\FrameworkException.php on line 39.
 1 SYSTEMPATH\View\View.php(214): CodeIgniter\Exceptions\FrameworkException::forInvalidFile('dashoard/index.php')
 2 SYSTEMPATH\Common.php(1178): CodeIgniter\View\View->render('dashoard/index', [], true)
 3 APPPATH\Controllers\Dashboard.php(8): view('dashoard/index')
 4 SYSTEMPATH\CodeIgniter.php(915): App\Controllers\Dashboard->index()
 5 SYSTEMPATH\CodeIgniter.php(492): CodeIgniter\CodeIgniter->runController(Object(App\Controllers\Dashboard))
 6 SYSTEMPATH\CodeIgniter.php(353): CodeIgniter\CodeIgniter->handleRequest(null, Object(Config\Cache), false)
 7 FCPATH\index.php(79): CodeIgniter\CodeIgniter->run()
 8 SYSTEMPATH\Commands\Server\rewrite.php(47): require_once('C:\\xampp\\htdocs\\BCPetHouse\\public\\index.php')
CRITICAL - 2023-09-02 15:30:19 --> Invalid file: "dashboard/index.php"
in SYSTEMPATH\Exceptions\FrameworkException.php on line 39.
 1 SYSTEMPATH\View\View.php(214): CodeIgniter\Exceptions\FrameworkException::forInvalidFile('dashboard/index.php')
 2 SYSTEMPATH\Common.php(1178): CodeIgniter\View\View->render('dashboard/index', [], true)
 3 APPPATH\Controllers\Dashboard.php(8): view('dashboard/index')
 4 SYSTEMPATH\CodeIgniter.php(915): App\Controllers\Dashboard->index()
 5 SYSTEMPATH\CodeIgniter.php(492): CodeIgniter\CodeIgniter->runController(Object(App\Controllers\Dashboard))
 6 SYSTEMPATH\CodeIgniter.php(353): CodeIgniter\CodeIgniter->handleRequest(null, Object(Config\Cache), false)
 7 FCPATH\index.php(79): CodeIgniter\CodeIgniter->run()
 8 SYSTEMPATH\Commands\Server\rewrite.php(47): require_once('C:\\xampp\\htdocs\\BCPetHouse\\public\\index.php')
CRITICAL - 2023-09-02 16:59:20 --> Config\App::$baseURL is invalid.
in SYSTEMPATH\HTTP\SiteURI.php on line 197.
 1 SYSTEMPATH\HTTP\SiteURI.php(143): CodeIgniter\HTTP\SiteURI->normalizeBaseURL(Object(Config\App))
 2 SYSTEMPATH\HTTP\SiteURI.php(98): CodeIgniter\HTTP\SiteURI->determineBaseURL(Object(Config\App), null, null)
 3 SYSTEMPATH\HTTP\SiteURIFactory.php(222): CodeIgniter\HTTP\SiteURI->__construct(Object(Config\App), '/', null)
 4 SYSTEMPATH\HTTP\SiteURIFactory.php(43): CodeIgniter\HTTP\SiteURIFactory->createURIFromRoutePath('/')
 5 SYSTEMPATH\Config\Services.php(798): CodeIgniter\HTTP\SiteURIFactory->createFromGlobals()
 6 SYSTEMPATH\Config\BaseService.php(258): CodeIgniter\Config\Services::uri(null, false)
 7 SYSTEMPATH\Config\BaseService.php(199): CodeIgniter\Config\BaseService::__callStatic('uri', [...])
 8 SYSTEMPATH\Config\Services.php(791): CodeIgniter\Config\BaseService::getSharedInstance('uri', null)
 9 SYSTEMPATH\Config\BaseService.php(258): CodeIgniter\Config\Services::uri()
10 SYSTEMPATH\Config\Services.php(565): CodeIgniter\Config\BaseService::__callStatic('uri', [])
11 SYSTEMPATH\Config\Services.php(523): CodeIgniter\Config\Services::incomingrequest(Object(Config\App), false)
12 SYSTEMPATH\Config\BaseService.php(258): CodeIgniter\Config\Services::request(Object(Config\App), false)
13 SYSTEMPATH\Config\BaseService.php(199): CodeIgniter\Config\BaseService::__callStatic('request', [...])
14 SYSTEMPATH\Config\Services.php(558): CodeIgniter\Config\BaseService::getSharedInstance('request', Object(Config\App))
15 SYSTEMPATH\Config\BaseService.php(258): CodeIgniter\Config\Services::incomingrequest(Object(Config\App))
16 SYSTEMPATH\Config\Services.php(538): CodeIgniter\Config\BaseService::__callStatic('incomingrequest', [...])
17 SYSTEMPATH\Config\BaseService.php(258): CodeIgniter\Config\Services::createRequest(Object(Config\App))
18 SYSTEMPATH\CodeIgniter.php(637): CodeIgniter\Config\BaseService::__callStatic('createRequest', [...])
19 SYSTEMPATH\CodeIgniter.php(347): CodeIgniter\CodeIgniter->getRequestObject()
20 FCPATH\index.php(79): CodeIgniter\CodeIgniter->run()
21 SYSTEMPATH\Commands\Server\rewrite.php(47): require_once('C:\\xampp\\htdocs\\BCPetHouse\\public\\index.php')
CRITICAL - 2023-09-02 16:59:20 --> Uncaught CodeIgniter\Exceptions\ConfigException: Config\App::$baseURL is invalid. in C:\xampp\htdocs\BCPetHouse\system\HTTP\SiteURI.php:197
Stack trace:
#0 C:\xampp\htdocs\BCPetHouse\system\HTTP\SiteURI.php(143): CodeIgniter\HTTP\SiteURI->normalizeBaseURL(Object(Config\App))
#1 C:\xampp\htdocs\BCPetHouse\system\HTTP\SiteURI.php(98): CodeIgniter\HTTP\SiteURI->determineBaseURL(Object(Config\App), NULL, NULL)
#2 C:\xampp\htdocs\BCPetHouse\system\HTTP\SiteURIFactory.php(222): CodeIgniter\HTTP\SiteURI->__construct(Object(Config\App), '/', NULL)
#3 C:\xampp\htdocs\BCPetHouse\system\HTTP\SiteURIFactory.php(43): CodeIgniter\HTTP\SiteURIFactory->createURIFromRoutePath('/')
#4 C:\xampp\htdocs\BCPetHouse\system\Config\Services.php(798): CodeIgniter\HTTP\SiteURIFactory->createFromGlobals()
#5 C:\xampp\htdocs\BCPetHouse\system\Config\BaseService.php(258): CodeIgniter\Config\Services::uri(NULL, false)
#6 C:\xampp\htdocs\BCPetHouse\system\Config\BaseService.php(199): CodeIgniter\Config\BaseService::__callStatic('uri', Array)
#7 C:\xampp\htdocs\BCPetHouse\system\Config\Services.php(791): CodeIgniter\Config\BaseService::getSharedInstance('uri', NULL)
#8 C:\xampp\htdocs\BCPetHouse\system\Config\BaseService.php(258): CodeIgniter\Config\Services::uri()
#9 C:\xampp\htdocs\BCPetHouse\system\Config\Services.php(565): CodeIgniter\Config\BaseService::__callStatic('uri', Array)
#10 C:\xampp\htdocs\BCPetHouse\system\Config\Services.php(523): CodeIgniter\Config\Services::incomingrequest(Object(Config\App), false)
#11 C:\xampp\htdocs\BCPetHouse\system\Config\BaseService.php(258): CodeIgniter\Config\Services::request(NULL, false)
#12 C:\xampp\htdocs\BCPetHouse\system\Config\BaseService.php(199): CodeIgniter\Config\BaseService::__callStatic('request', Array)
#13 C:\xampp\htdocs\BCPetHouse\system\Config\Services.php(519): CodeIgniter\Config\BaseService::getSharedInstance('request', NULL)
#14 C:\xampp\htdocs\BCPetHouse\system\Config\BaseService.php(258): CodeIgniter\Config\Services::request()
#15 C:\xampp\htdocs\BCPetHouse\system\Debug\Exceptions.php(135): CodeIgniter\Config\BaseService::__callStatic('request', Array)
#16 [internal function]: CodeIgniter\Debug\Exceptions->exceptionHandler(Object(CodeIgniter\Exceptions\ConfigException))
#17 {main}
  thrown
【Previous Exception】
CodeIgniter\Exceptions\ConfigException
Config\App::$baseURL is invalid.
#0 C:\xampp\htdocs\BCPetHouse\system\HTTP\SiteURI.php(143): CodeIgniter\HTTP\SiteURI->normalizeBaseURL(Object(Config\App))
#1 C:\xampp\htdocs\BCPetHouse\system\HTTP\SiteURI.php(98): CodeIgniter\HTTP\SiteURI->determineBaseURL(Object(Config\App), NULL, NULL)
#2 C:\xampp\htdocs\BCPetHouse\system\HTTP\SiteURIFactory.php(222): CodeIgniter\HTTP\SiteURI->__construct(Object(Config\App), '/', NULL)
#3 C:\xampp\htdocs\BCPetHouse\system\HTTP\SiteURIFactory.php(43): CodeIgniter\HTTP\SiteURIFactory->createURIFromRoutePath('/')
#4 C:\xampp\htdocs\BCPetHouse\system\Config\Services.php(798): CodeIgniter\HTTP\SiteURIFactory->createFromGlobals()
#5 C:\xampp\htdocs\BCPetHouse\system\Config\BaseService.php(258): CodeIgniter\Config\Services::uri(NULL, false)
#6 C:\xampp\htdocs\BCPetHouse\system\Config\BaseService.php(199): CodeIgniter\Config\BaseService::__callStatic('uri', Array)
#7 C:\xampp\htdocs\BCPetHouse\system\Config\Services.php(791): CodeIgniter\Config\BaseService::getSharedInstance('uri', NULL)
#8 C:\xampp\htdocs\BCPetHouse\system\Config\BaseService.php(258): CodeIgniter\Config\Services::uri()
#9 C:\xampp\htdocs\BCPetHouse\system\Config\Services.php(565): CodeIgniter\Config\BaseService::__callStatic('uri', Array)
#10 C:\xampp\htdocs\BCPetHouse\system\Config\Services.php(523): CodeIgniter\Config\Services::incomingrequest(Object(Config\App), false)
#11 C:\xampp\htdocs\BCPetHouse\system\Config\BaseService.php(258): CodeIgniter\Config\Services::request(Object(Config\App), false)
#12 C:\xampp\htdocs\BCPetHouse\system\Config\BaseService.php(199): CodeIgniter\Config\BaseService::__callStatic('request', Array)
#13 C:\xampp\htdocs\BCPetHouse\system\Config\Services.php(558): CodeIgniter\Config\BaseService::getSharedInstance('request', Object(Config\App))
#14 C:\xampp\htdocs\BCPetHouse\system\Config\BaseService.php(258): CodeIgniter\Config\Services::incomingrequest(Object(Config\App))
#15 C:\xampp\htdocs\BCPetHouse\system\Config\Services.php(538): CodeIgniter\Config\BaseService::__callStatic('incomingrequest', Array)
#16 C:\xampp\htdocs\BCPetHouse\system\Config\BaseService.php(258): CodeIgniter\Config\Services::createRequest(Object(Config\App))
#17 C:\xampp\htdocs\BCPetHouse\system\CodeIgniter.php(637): CodeIgniter\Config\BaseService::__callStatic('createRequest', Array)
#18 C:\xampp\htdocs\BCPetHouse\system\CodeIgniter.php(347): CodeIgniter\CodeIgniter->getRequestObject()
#19 C:\xampp\htdocs\BCPetHouse\public\index.php(79): CodeIgniter\CodeIgniter->run()
#20 C:\xampp\htdocs\BCPetHouse\system\Commands\Server\rewrite.php(47): require_once('C:\\xampp\\htdocs...')
#21 {main}
in SYSTEMPATH\HTTP\SiteURI.php on line 197.
 1 [internal function]: CodeIgniter\Debug\Exceptions->shutdownHandler()
CRITICAL - 2023-09-02 17:37:36 --> Invalid file: "welcome_message.php"
in SYSTEMPATH\Exceptions\FrameworkException.php on line 39.
 1 SYSTEMPATH\View\View.php(214): CodeIgniter\Exceptions\FrameworkException::forInvalidFile('welcome_message.php')
 2 SYSTEMPATH\Common.php(1178): CodeIgniter\View\View->render('welcome_message', [], true)
 3 APPPATH\Controllers\Home.php(9): view('welcome_message')
 4 SYSTEMPATH\CodeIgniter.php(915): App\Controllers\Home->index()
 5 SYSTEMPATH\CodeIgniter.php(492): CodeIgniter\CodeIgniter->runController(Object(App\Controllers\Home))
 6 SYSTEMPATH\CodeIgniter.php(353): CodeIgniter\CodeIgniter->handleRequest(null, Object(Config\Cache), false)
 7 FCPATH\index.php(79): CodeIgniter\CodeIgniter->run()
 8 SYSTEMPATH\Commands\Server\rewrite.php(47): require_once('C:\\xampp\\htdocs\\BCPetHouse\\public\\index.php')
