INFO - 2024-02-27 03:28:43 --> Session: Class initialized using 'CodeIgniter\Session\Handlers\FileHandler' driver.
INFO - 2024-02-27 03:30:57 --> Session: Class initialized using 'CodeIgniter\Session\Handlers\FileHandler' driver.
INFO - 2024-02-27 03:31:17 --> Session: Class initialized using 'CodeIgniter\Session\Handlers\FileHandler' driver.
INFO - 2024-02-27 03:31:19 --> Session: Class initialized using 'CodeIgniter\Session\Handlers\FileHandler' driver.
INFO - 2024-02-27 03:31:21 --> Session: Class initialized using 'CodeIgniter\Session\Handlers\FileHandler' driver.
INFO - 2024-02-27 03:31:22 --> Session: Class initialized using 'CodeIgniter\Session\Handlers\FileHandler' driver.
INFO - 2024-02-27 03:31:24 --> Session: Class initialized using 'CodeIgniter\Session\Handlers\FileHandler' driver.
INFO - 2024-02-27 03:31:26 --> Session: Class initialized using 'CodeIgniter\Session\Handlers\FileHandler' driver.
INFO - 2024-02-27 06:14:36 --> Session: Class initialized using 'CodeIgniter\Session\Handlers\FileHandler' driver.
CRITICAL - 2024-02-27 06:14:36 --> Undefined array key "rawat_inap_id"
in APPPATH\Views\admin\rawat_inap\detail.php on line 10.
 1 APPPATH\Views\admin\rawat_inap\detail.php(10): CodeIgniter\Debug\Exceptions->errorHandler(2, 'Undefined array key "rawat_inap_id"', 'D:\\Project (external)\\BCPetHouse\\app\\Views\\admin\\rawat_inap\\detail.php', 10)
 2 SYSTEMPATH\View\View.php(226): include('D:\\Project (external)\\BCPetHouse\\app\\Views\\admin\\rawat_inap\\detail.php')
 3 SYSTEMPATH\View\View.php(229): CodeIgniter\View\View->CodeIgniter\View\{closure}()
 4 SYSTEMPATH\Common.php(1178): CodeIgniter\View\View->render('admin/rawat_inap/detail', [], true)
 5 APPPATH\Controllers\RawatInap.php(54): view('admin/rawat_inap/detail', [...])
 6 SYSTEMPATH\CodeIgniter.php(915): App\Controllers\RawatInap->detail('1')
 7 SYSTEMPATH\CodeIgniter.php(492): CodeIgniter\CodeIgniter->runController(Object(App\Controllers\RawatInap))
 8 SYSTEMPATH\CodeIgniter.php(353): CodeIgniter\CodeIgniter->handleRequest(null, Object(Config\Cache), false)
 9 FCPATH\index.php(79): CodeIgniter\CodeIgniter->run()
10 SYSTEMPATH\Commands\Server\rewrite.php(47): require_once('D:\\Project (external)\\BCPetHouse\\public\\index.php')
INFO - 2024-02-27 06:14:38 --> Session: Class initialized using 'CodeIgniter\Session\Handlers\FileHandler' driver.
CRITICAL - 2024-02-27 06:14:38 --> Undefined array key "rawat_inap_id"
in APPPATH\Views\admin\rawat_inap\detail.php on line 10.
 1 APPPATH\Views\admin\rawat_inap\detail.php(10): CodeIgniter\Debug\Exceptions->errorHandler(2, 'Undefined array key "rawat_inap_id"', 'D:\\Project (external)\\BCPetHouse\\app\\Views\\admin\\rawat_inap\\detail.php', 10)
 2 SYSTEMPATH\View\View.php(226): include('D:\\Project (external)\\BCPetHouse\\app\\Views\\admin\\rawat_inap\\detail.php')
 3 SYSTEMPATH\View\View.php(229): CodeIgniter\View\View->CodeIgniter\View\{closure}()
 4 SYSTEMPATH\Common.php(1178): CodeIgniter\View\View->render('admin/rawat_inap/detail', [], true)
 5 APPPATH\Controllers\RawatInap.php(54): view('admin/rawat_inap/detail', [...])
 6 SYSTEMPATH\CodeIgniter.php(915): App\Controllers\RawatInap->detail('1')
 7 SYSTEMPATH\CodeIgniter.php(492): CodeIgniter\CodeIgniter->runController(Object(App\Controllers\RawatInap))
 8 SYSTEMPATH\CodeIgniter.php(353): CodeIgniter\CodeIgniter->handleRequest(null, Object(Config\Cache), false)
 9 FCPATH\index.php(79): CodeIgniter\CodeIgniter->run()
10 SYSTEMPATH\Commands\Server\rewrite.php(47): require_once('D:\\Project (external)\\BCPetHouse\\public\\index.php')
INFO - 2024-02-27 06:14:39 --> Session: Class initialized using 'CodeIgniter\Session\Handlers\FileHandler' driver.
CRITICAL - 2024-02-27 06:14:39 --> Undefined array key "rawat_inap_id"
in APPPATH\Views\admin\rawat_inap\detail.php on line 10.
 1 APPPATH\Views\admin\rawat_inap\detail.php(10): CodeIgniter\Debug\Exceptions->errorHandler(2, 'Undefined array key "rawat_inap_id"', 'D:\\Project (external)\\BCPetHouse\\app\\Views\\admin\\rawat_inap\\detail.php', 10)
 2 SYSTEMPATH\View\View.php(226): include('D:\\Project (external)\\BCPetHouse\\app\\Views\\admin\\rawat_inap\\detail.php')
 3 SYSTEMPATH\View\View.php(229): CodeIgniter\View\View->CodeIgniter\View\{closure}()
 4 SYSTEMPATH\Common.php(1178): CodeIgniter\View\View->render('admin/rawat_inap/detail', [], true)
 5 APPPATH\Controllers\RawatInap.php(54): view('admin/rawat_inap/detail', [...])
 6 SYSTEMPATH\CodeIgniter.php(915): App\Controllers\RawatInap->detail('1')
 7 SYSTEMPATH\CodeIgniter.php(492): CodeIgniter\CodeIgniter->runController(Object(App\Controllers\RawatInap))
 8 SYSTEMPATH\CodeIgniter.php(353): CodeIgniter\CodeIgniter->handleRequest(null, Object(Config\Cache), false)
 9 FCPATH\index.php(79): CodeIgniter\CodeIgniter->run()
10 SYSTEMPATH\Commands\Server\rewrite.php(47): require_once('D:\\Project (external)\\BCPetHouse\\public\\index.php')
INFO - 2024-02-27 06:14:41 --> Session: Class initialized using 'CodeIgniter\Session\Handlers\FileHandler' driver.
CRITICAL - 2024-02-27 06:14:41 --> Undefined array key "rawat_inap_id"
in APPPATH\Views\admin\rawat_inap\detail.php on line 10.
 1 APPPATH\Views\admin\rawat_inap\detail.php(10): CodeIgniter\Debug\Exceptions->errorHandler(2, 'Undefined array key "rawat_inap_id"', 'D:\\Project (external)\\BCPetHouse\\app\\Views\\admin\\rawat_inap\\detail.php', 10)
 2 SYSTEMPATH\View\View.php(226): include('D:\\Project (external)\\BCPetHouse\\app\\Views\\admin\\rawat_inap\\detail.php')
 3 SYSTEMPATH\View\View.php(229): CodeIgniter\View\View->CodeIgniter\View\{closure}()
 4 SYSTEMPATH\Common.php(1178): CodeIgniter\View\View->render('admin/rawat_inap/detail', [], true)
 5 APPPATH\Controllers\RawatInap.php(54): view('admin/rawat_inap/detail', [...])
 6 SYSTEMPATH\CodeIgniter.php(915): App\Controllers\RawatInap->detail('1')
 7 SYSTEMPATH\CodeIgniter.php(492): CodeIgniter\CodeIgniter->runController(Object(App\Controllers\RawatInap))
 8 SYSTEMPATH\CodeIgniter.php(353): CodeIgniter\CodeIgniter->handleRequest(null, Object(Config\Cache), false)
 9 FCPATH\index.php(79): CodeIgniter\CodeIgniter->run()
10 SYSTEMPATH\Commands\Server\rewrite.php(47): require_once('D:\\Project (external)\\BCPetHouse\\public\\index.php')
INFO - 2024-02-27 06:14:44 --> Session: Class initialized using 'CodeIgniter\Session\Handlers\FileHandler' driver.
INFO - 2024-02-27 06:14:46 --> Session: Class initialized using 'CodeIgniter\Session\Handlers\FileHandler' driver.
CRITICAL - 2024-02-27 06:14:46 --> Undefined array key "rawat_inap_id"
in APPPATH\Views\admin\rawat_inap\detail.php on line 10.
 1 APPPATH\Views\admin\rawat_inap\detail.php(10): CodeIgniter\Debug\Exceptions->errorHandler(2, 'Undefined array key "rawat_inap_id"', 'D:\\Project (external)\\BCPetHouse\\app\\Views\\admin\\rawat_inap\\detail.php', 10)
 2 SYSTEMPATH\View\View.php(226): include('D:\\Project (external)\\BCPetHouse\\app\\Views\\admin\\rawat_inap\\detail.php')
 3 SYSTEMPATH\View\View.php(229): CodeIgniter\View\View->CodeIgniter\View\{closure}()
 4 SYSTEMPATH\Common.php(1178): CodeIgniter\View\View->render('admin/rawat_inap/detail', [], true)
 5 APPPATH\Controllers\RawatInap.php(54): view('admin/rawat_inap/detail', [...])
 6 SYSTEMPATH\CodeIgniter.php(915): App\Controllers\RawatInap->detail('1')
 7 SYSTEMPATH\CodeIgniter.php(492): CodeIgniter\CodeIgniter->runController(Object(App\Controllers\RawatInap))
 8 SYSTEMPATH\CodeIgniter.php(353): CodeIgniter\CodeIgniter->handleRequest(null, Object(Config\Cache), false)
 9 FCPATH\index.php(79): CodeIgniter\CodeIgniter->run()
10 SYSTEMPATH\Commands\Server\rewrite.php(47): require_once('D:\\Project (external)\\BCPetHouse\\public\\index.php')
INFO - 2024-02-27 06:15:26 --> Session: Class initialized using 'CodeIgniter\Session\Handlers\FileHandler' driver.
INFO - 2024-02-27 06:15:28 --> Session: Class initialized using 'CodeIgniter\Session\Handlers\FileHandler' driver.
INFO - 2024-02-27 06:16:57 --> Session: Class initialized using 'CodeIgniter\Session\Handlers\FileHandler' driver.
INFO - 2024-02-27 06:26:50 --> Session: Class initialized using 'CodeIgniter\Session\Handlers\FileHandler' driver.
CRITICAL - 2024-02-27 06:26:50 --> Undefined array key "rawat_inap_id"
in APPPATH\Views\admin\rawat_inap\index.php on line 34.
 1 APPPATH\Views\admin\rawat_inap\index.php(34): CodeIgniter\Debug\Exceptions->errorHandler(2, 'Undefined array key "rawat_inap_id"', 'D:\\Project (external)\\BCPetHouse\\app\\Views\\admin\\rawat_inap\\index.php', 34)
 2 SYSTEMPATH\View\View.php(226): include('D:\\Project (external)\\BCPetHouse\\app\\Views\\admin\\rawat_inap\\index.php')
 3 SYSTEMPATH\View\View.php(229): CodeIgniter\View\View->CodeIgniter\View\{closure}()
 4 SYSTEMPATH\Common.php(1178): CodeIgniter\View\View->render('admin/rawat_inap/index', [], true)
 5 APPPATH\Controllers\RawatInap.php(22): view('admin/rawat_inap/index', [...])
 6 SYSTEMPATH\CodeIgniter.php(915): App\Controllers\RawatInap->index()
 7 SYSTEMPATH\CodeIgniter.php(492): CodeIgniter\CodeIgniter->runController(Object(App\Controllers\RawatInap))
 8 SYSTEMPATH\CodeIgniter.php(353): CodeIgniter\CodeIgniter->handleRequest(null, Object(Config\Cache), false)
 9 FCPATH\index.php(79): CodeIgniter\CodeIgniter->run()
10 SYSTEMPATH\Commands\Server\rewrite.php(47): require_once('D:\\Project (external)\\BCPetHouse\\public\\index.php')
INFO - 2024-02-27 06:27:14 --> Session: Class initialized using 'CodeIgniter\Session\Handlers\FileHandler' driver.
CRITICAL - 2024-02-27 06:27:14 --> Undefined array key "rawat_inap_id"
in APPPATH\Views\admin\rawat_inap\index.php on line 34.
 1 APPPATH\Views\admin\rawat_inap\index.php(34): CodeIgniter\Debug\Exceptions->errorHandler(2, 'Undefined array key "rawat_inap_id"', 'D:\\Project (external)\\BCPetHouse\\app\\Views\\admin\\rawat_inap\\index.php', 34)
 2 SYSTEMPATH\View\View.php(226): include('D:\\Project (external)\\BCPetHouse\\app\\Views\\admin\\rawat_inap\\index.php')
 3 SYSTEMPATH\View\View.php(229): CodeIgniter\View\View->CodeIgniter\View\{closure}()
 4 SYSTEMPATH\Common.php(1178): CodeIgniter\View\View->render('admin/rawat_inap/index', [], true)
 5 APPPATH\Controllers\RawatInap.php(22): view('admin/rawat_inap/index', [...])
 6 SYSTEMPATH\CodeIgniter.php(915): App\Controllers\RawatInap->index()
 7 SYSTEMPATH\CodeIgniter.php(492): CodeIgniter\CodeIgniter->runController(Object(App\Controllers\RawatInap))
 8 SYSTEMPATH\CodeIgniter.php(353): CodeIgniter\CodeIgniter->handleRequest(null, Object(Config\Cache), false)
 9 FCPATH\index.php(79): CodeIgniter\CodeIgniter->run()
10 SYSTEMPATH\Commands\Server\rewrite.php(47): require_once('D:\\Project (external)\\BCPetHouse\\public\\index.php')
INFO - 2024-02-27 06:27:40 --> Session: Class initialized using 'CodeIgniter\Session\Handlers\FileHandler' driver.
INFO - 2024-02-27 06:27:42 --> Session: Class initialized using 'CodeIgniter\Session\Handlers\FileHandler' driver.
CRITICAL - 2024-02-27 06:27:42 --> Trying to access array offset on value of type null
in APPPATH\Views\admin\rawat_inap\detail.php on line 10.
 1 APPPATH\Views\admin\rawat_inap\detail.php(10): CodeIgniter\Debug\Exceptions->errorHandler(2, 'Trying to access array offset on value of type null', 'D:\\Project (external)\\BCPetHouse\\app\\Views\\admin\\rawat_inap\\detail.php', 10)
 2 SYSTEMPATH\View\View.php(226): include('D:\\Project (external)\\BCPetHouse\\app\\Views\\admin\\rawat_inap\\detail.php')
 3 SYSTEMPATH\View\View.php(229): CodeIgniter\View\View->CodeIgniter\View\{closure}()
 4 SYSTEMPATH\Common.php(1178): CodeIgniter\View\View->render('admin/rawat_inap/detail', [], true)
 5 APPPATH\Controllers\RawatInap.php(54): view('admin/rawat_inap/detail', [...])
 6 SYSTEMPATH\CodeIgniter.php(915): App\Controllers\RawatInap->detail('8')
 7 SYSTEMPATH\CodeIgniter.php(492): CodeIgniter\CodeIgniter->runController(Object(App\Controllers\RawatInap))
 8 SYSTEMPATH\CodeIgniter.php(353): CodeIgniter\CodeIgniter->handleRequest(null, Object(Config\Cache), false)
 9 FCPATH\index.php(79): CodeIgniter\CodeIgniter->run()
10 SYSTEMPATH\Commands\Server\rewrite.php(47): require_once('D:\\Project (external)\\BCPetHouse\\public\\index.php')
INFO - 2024-02-27 06:27:48 --> Session: Class initialized using 'CodeIgniter\Session\Handlers\FileHandler' driver.
INFO - 2024-02-27 06:28:06 --> Session: Class initialized using 'CodeIgniter\Session\Handlers\FileHandler' driver.
INFO - 2024-02-27 06:36:24 --> Session: Class initialized using 'CodeIgniter\Session\Handlers\FileHandler' driver.
INFO - 2024-02-27 06:36:26 --> Session: Class initialized using 'CodeIgniter\Session\Handlers\FileHandler' driver.
