INFO - 2024-07-13 06:46:05 --> Session: Class initialized using 'CodeIgniter\Session\Handlers\FileHandler' driver.
INFO - 2024-07-13 06:46:15 --> Session: Class initialized using 'CodeIgniter\Session\Handlers\FileHandler' driver.
ERROR - 2024-07-13 06:46:19 --> Error connecting to the database: mysqli_sql_exception: No connection could be made because the target machine actively refused it in C:\xampp\htdocs\BCPetHouse\system\Database\MySQLi\Connection.php:185
Stack trace:
#0 C:\xampp\htdocs\BCPetHouse\system\Database\MySQLi\Connection.php(185): mysqli->real_connect('localhost', 'root', '', 'bcpet_db', 3306, '', 0)
#1 C:\xampp\htdocs\BCPetHouse\system\Database\BaseConnection.php(391): CodeIgniter\Database\MySQLi\Connection->connect(false)
#2 C:\xampp\htdocs\BCPetHouse\system\Database\BaseConnection.php(574): CodeIgniter\Database\BaseConnection->initialize()
#3 C:\xampp\htdocs\BCPetHouse\system\Database\BaseBuilder.php(1616): CodeIgniter\Database\BaseConnection->query('SELECT *\nFROM `...', Array, false)
#4 C:\xampp\htdocs\BCPetHouse\system\Model.php(237): CodeIgniter\Database\BaseBuilder->get()
#5 C:\xampp\htdocs\BCPetHouse\system\BaseModel.php(624): CodeIgniter\Model->doFindAll(0, 0)
#6 C:\xampp\htdocs\BCPetHouse\app\Models\PetProfileModel.php(36): CodeIgniter\BaseModel->findAll()
#7 C:\xampp\htdocs\BCPetHouse\app\Controllers\PetList.php(33): App\Models\PetProfileModel->getPetProfile()
#8 C:\xampp\htdocs\BCPetHouse\system\CodeIgniter.php(915): App\Controllers\PetList->index()
#9 C:\xampp\htdocs\BCPetHouse\system\CodeIgniter.php(492): CodeIgniter\CodeIgniter->runController(Object(App\Controllers\PetList))
#10 C:\xampp\htdocs\BCPetHouse\system\CodeIgniter.php(353): CodeIgniter\CodeIgniter->handleRequest(NULL, Object(Config\Cache), false)
#11 C:\xampp\htdocs\BCPetHouse\public\index.php(79): CodeIgniter\CodeIgniter->run()
#12 C:\xampp\htdocs\BCPetHouse\system\Commands\Server\rewrite.php(47): require_once('C:\\xampp\\htdocs...')
#13 {main}

Next CodeIgniter\Database\Exceptions\DatabaseException: No connection could be made because the target machine actively refused it in C:\xampp\htdocs\BCPetHouse\system\Database\MySQLi\Connection.php:229
Stack trace:
#0 C:\xampp\htdocs\BCPetHouse\system\Database\BaseConnection.php(391): CodeIgniter\Database\MySQLi\Connection->connect(false)
#1 C:\xampp\htdocs\BCPetHouse\system\Database\BaseConnection.php(574): CodeIgniter\Database\BaseConnection->initialize()
#2 C:\xampp\htdocs\BCPetHouse\system\Database\BaseBuilder.php(1616): CodeIgniter\Database\BaseConnection->query('SELECT *\nFROM `...', Array, false)
#3 C:\xampp\htdocs\BCPetHouse\system\Model.php(237): CodeIgniter\Database\BaseBuilder->get()
#4 C:\xampp\htdocs\BCPetHouse\system\BaseModel.php(624): CodeIgniter\Model->doFindAll(0, 0)
#5 C:\xampp\htdocs\BCPetHouse\app\Models\PetProfileModel.php(36): CodeIgniter\BaseModel->findAll()
#6 C:\xampp\htdocs\BCPetHouse\app\Controllers\PetList.php(33): App\Models\PetProfileModel->getPetProfile()
#7 C:\xampp\htdocs\BCPetHouse\system\CodeIgniter.php(915): App\Controllers\PetList->index()
#8 C:\xampp\htdocs\BCPetHouse\system\CodeIgniter.php(492): CodeIgniter\CodeIgniter->runController(Object(App\Controllers\PetList))
#9 C:\xampp\htdocs\BCPetHouse\system\CodeIgniter.php(353): CodeIgniter\CodeIgniter->handleRequest(NULL, Object(Config\Cache), false)
#10 C:\xampp\htdocs\BCPetHouse\public\index.php(79): CodeIgniter\CodeIgniter->run()
#11 C:\xampp\htdocs\BCPetHouse\system\Commands\Server\rewrite.php(47): require_once('C:\\xampp\\htdocs...')
#12 {main}
CRITICAL - 2024-07-13 06:46:19 --> Unable to connect to the database.
Main connection [MySQLi]: No connection could be made because the target machine actively refused it
in SYSTEMPATH\Database\BaseConnection.php on line 427.
 1 SYSTEMPATH\Database\BaseConnection.php(574): CodeIgniter\Database\BaseConnection->initialize()
 2 SYSTEMPATH\Database\BaseBuilder.php(1616): CodeIgniter\Database\BaseConnection->query('SELECT *
FROM `pet_profile`', [], false)
 3 SYSTEMPATH\Model.php(237): CodeIgniter\Database\BaseBuilder->get()
 4 SYSTEMPATH\BaseModel.php(624): CodeIgniter\Model->doFindAll(0, 0)
 5 APPPATH\Models\PetProfileModel.php(36): CodeIgniter\BaseModel->findAll()
 6 APPPATH\Controllers\PetList.php(33): App\Models\PetProfileModel->getPetProfile()
 7 SYSTEMPATH\CodeIgniter.php(915): App\Controllers\PetList->index()
 8 SYSTEMPATH\CodeIgniter.php(492): CodeIgniter\CodeIgniter->runController(Object(App\Controllers\PetList))
 9 SYSTEMPATH\CodeIgniter.php(353): CodeIgniter\CodeIgniter->handleRequest(null, Object(Config\Cache), false)
10 FCPATH\index.php(79): CodeIgniter\CodeIgniter->run()
11 SYSTEMPATH\Commands\Server\rewrite.php(47): require_once('C:\\xampp\\htdocs\\BCPetHouse\\public\\index.php')
INFO - 2024-07-13 06:46:19 --> Session: Class initialized using 'CodeIgniter\Session\Handlers\FileHandler' driver.
ERROR - 2024-07-13 06:46:23 --> Error connecting to the database: mysqli_sql_exception: No connection could be made because the target machine actively refused it in C:\xampp\htdocs\BCPetHouse\system\Database\MySQLi\Connection.php:185
Stack trace:
#0 C:\xampp\htdocs\BCPetHouse\system\Database\MySQLi\Connection.php(185): mysqli->real_connect('localhost', 'root', '', 'bcpet_db', 3306, '', 0)
#1 C:\xampp\htdocs\BCPetHouse\system\Database\BaseConnection.php(391): CodeIgniter\Database\MySQLi\Connection->connect(false)
#2 C:\xampp\htdocs\BCPetHouse\system\Database\BaseConnection.php(574): CodeIgniter\Database\BaseConnection->initialize()
#3 C:\xampp\htdocs\BCPetHouse\system\Database\BaseBuilder.php(1616): CodeIgniter\Database\BaseConnection->query('SELECT *\nFROM `...', Array, false)
#4 C:\xampp\htdocs\BCPetHouse\system\Model.php(237): CodeIgniter\Database\BaseBuilder->get()
#5 C:\xampp\htdocs\BCPetHouse\system\BaseModel.php(624): CodeIgniter\Model->doFindAll(0, 0)
#6 C:\xampp\htdocs\BCPetHouse\app\Models\PetProfileModel.php(36): CodeIgniter\BaseModel->findAll()
#7 C:\xampp\htdocs\BCPetHouse\app\Controllers\PetList.php(33): App\Models\PetProfileModel->getPetProfile()
#8 C:\xampp\htdocs\BCPetHouse\system\CodeIgniter.php(915): App\Controllers\PetList->index()
#9 C:\xampp\htdocs\BCPetHouse\system\CodeIgniter.php(492): CodeIgniter\CodeIgniter->runController(Object(App\Controllers\PetList))
#10 C:\xampp\htdocs\BCPetHouse\system\CodeIgniter.php(353): CodeIgniter\CodeIgniter->handleRequest(NULL, Object(Config\Cache), false)
#11 C:\xampp\htdocs\BCPetHouse\public\index.php(79): CodeIgniter\CodeIgniter->run()
#12 C:\xampp\htdocs\BCPetHouse\system\Commands\Server\rewrite.php(47): require_once('C:\\xampp\\htdocs...')
#13 {main}

Next CodeIgniter\Database\Exceptions\DatabaseException: No connection could be made because the target machine actively refused it in C:\xampp\htdocs\BCPetHouse\system\Database\MySQLi\Connection.php:229
Stack trace:
#0 C:\xampp\htdocs\BCPetHouse\system\Database\BaseConnection.php(391): CodeIgniter\Database\MySQLi\Connection->connect(false)
#1 C:\xampp\htdocs\BCPetHouse\system\Database\BaseConnection.php(574): CodeIgniter\Database\BaseConnection->initialize()
#2 C:\xampp\htdocs\BCPetHouse\system\Database\BaseBuilder.php(1616): CodeIgniter\Database\BaseConnection->query('SELECT *\nFROM `...', Array, false)
#3 C:\xampp\htdocs\BCPetHouse\system\Model.php(237): CodeIgniter\Database\BaseBuilder->get()
#4 C:\xampp\htdocs\BCPetHouse\system\BaseModel.php(624): CodeIgniter\Model->doFindAll(0, 0)
#5 C:\xampp\htdocs\BCPetHouse\app\Models\PetProfileModel.php(36): CodeIgniter\BaseModel->findAll()
#6 C:\xampp\htdocs\BCPetHouse\app\Controllers\PetList.php(33): App\Models\PetProfileModel->getPetProfile()
#7 C:\xampp\htdocs\BCPetHouse\system\CodeIgniter.php(915): App\Controllers\PetList->index()
#8 C:\xampp\htdocs\BCPetHouse\system\CodeIgniter.php(492): CodeIgniter\CodeIgniter->runController(Object(App\Controllers\PetList))
#9 C:\xampp\htdocs\BCPetHouse\system\CodeIgniter.php(353): CodeIgniter\CodeIgniter->handleRequest(NULL, Object(Config\Cache), false)
#10 C:\xampp\htdocs\BCPetHouse\public\index.php(79): CodeIgniter\CodeIgniter->run()
#11 C:\xampp\htdocs\BCPetHouse\system\Commands\Server\rewrite.php(47): require_once('C:\\xampp\\htdocs...')
#12 {main}
CRITICAL - 2024-07-13 06:46:23 --> Unable to connect to the database.
Main connection [MySQLi]: No connection could be made because the target machine actively refused it
in SYSTEMPATH\Database\BaseConnection.php on line 427.
 1 SYSTEMPATH\Database\BaseConnection.php(574): CodeIgniter\Database\BaseConnection->initialize()
 2 SYSTEMPATH\Database\BaseBuilder.php(1616): CodeIgniter\Database\BaseConnection->query('SELECT *
FROM `pet_profile`', [], false)
 3 SYSTEMPATH\Model.php(237): CodeIgniter\Database\BaseBuilder->get()
 4 SYSTEMPATH\BaseModel.php(624): CodeIgniter\Model->doFindAll(0, 0)
 5 APPPATH\Models\PetProfileModel.php(36): CodeIgniter\BaseModel->findAll()
 6 APPPATH\Controllers\PetList.php(33): App\Models\PetProfileModel->getPetProfile()
 7 SYSTEMPATH\CodeIgniter.php(915): App\Controllers\PetList->index()
 8 SYSTEMPATH\CodeIgniter.php(492): CodeIgniter\CodeIgniter->runController(Object(App\Controllers\PetList))
 9 SYSTEMPATH\CodeIgniter.php(353): CodeIgniter\CodeIgniter->handleRequest(null, Object(Config\Cache), false)
10 FCPATH\index.php(79): CodeIgniter\CodeIgniter->run()
11 SYSTEMPATH\Commands\Server\rewrite.php(47): require_once('C:\\xampp\\htdocs\\BCPetHouse\\public\\index.php')
INFO - 2024-07-13 06:46:34 --> Session: Class initialized using 'CodeIgniter\Session\Handlers\FileHandler' driver.
INFO - 2024-07-13 06:46:37 --> Session: Class initialized using 'CodeIgniter\Session\Handlers\FileHandler' driver.
INFO - 2024-07-13 06:46:38 --> Session: Class initialized using 'CodeIgniter\Session\Handlers\FileHandler' driver.
