INFO - 2024-01-19 01:46:24 --> Session: Class initialized using 'CodeIgniter\Session\Handlers\FileHandler' driver.
INFO - 2024-01-19 01:46:29 --> Session: Class initialized using 'CodeIgniter\Session\Handlers\FileHandler' driver.
INFO - 2024-01-19 01:46:29 --> Session: Class initialized using 'CodeIgniter\Session\Handlers\FileHandler' driver.
INFO - 2024-01-19 01:46:49 --> Session: Class initialized using 'CodeIgniter\Session\Handlers\FileHandler' driver.
INFO - 2024-01-19 01:55:39 --> Session: Class initialized using 'CodeIgniter\Session\Handlers\FileHandler' driver.
INFO - 2024-01-19 01:55:39 --> Session: Class initialized using 'CodeIgniter\Session\Handlers\FileHandler' driver.
INFO - 2024-01-19 01:56:53 --> Session: Class initialized using 'CodeIgniter\Session\Handlers\FileHandler' driver.
INFO - 2024-01-19 01:56:58 --> Session: Class initialized using 'CodeIgniter\Session\Handlers\FileHandler' driver.
INFO - 2024-01-19 01:56:58 --> Session: Class initialized using 'CodeIgniter\Session\Handlers\FileHandler' driver.
INFO - 2024-01-19 01:57:55 --> Session: Class initialized using 'CodeIgniter\Session\Handlers\FileHandler' driver.
INFO - 2024-01-19 01:58:04 --> Session: Class initialized using 'CodeIgniter\Session\Handlers\FileHandler' driver.
INFO - 2024-01-19 01:58:04 --> Session: Class initialized using 'CodeIgniter\Session\Handlers\FileHandler' driver.
INFO - 2024-01-19 01:59:23 --> Session: Class initialized using 'CodeIgniter\Session\Handlers\FileHandler' driver.
INFO - 2024-01-19 01:59:26 --> Session: Class initialized using 'CodeIgniter\Session\Handlers\FileHandler' driver.
INFO - 2024-01-19 01:59:26 --> Session: Class initialized using 'CodeIgniter\Session\Handlers\FileHandler' driver.
INFO - 2024-01-19 01:59:38 --> Session: Class initialized using 'CodeIgniter\Session\Handlers\FileHandler' driver.
INFO - 2024-01-19 01:59:41 --> Session: Class initialized using 'CodeIgniter\Session\Handlers\FileHandler' driver.
INFO - 2024-01-19 01:59:41 --> Session: Class initialized using 'CodeIgniter\Session\Handlers\FileHandler' driver.
INFO - 2024-01-19 02:08:39 --> Session: Class initialized using 'CodeIgniter\Session\Handlers\FileHandler' driver.
INFO - 2024-01-19 02:10:38 --> Session: Class initialized using 'CodeIgniter\Session\Handlers\FileHandler' driver.
INFO - 2024-01-19 02:10:53 --> Session: Class initialized using 'CodeIgniter\Session\Handlers\FileHandler' driver.
INFO - 2024-01-19 02:11:59 --> Session: Class initialized using 'CodeIgniter\Session\Handlers\FileHandler' driver.
INFO - 2024-01-19 02:12:04 --> Session: Class initialized using 'CodeIgniter\Session\Handlers\FileHandler' driver.
INFO - 2024-01-19 02:12:04 --> Session: Class initialized using 'CodeIgniter\Session\Handlers\FileHandler' driver.
INFO - 2024-01-19 02:12:29 --> Session: Class initialized using 'CodeIgniter\Session\Handlers\FileHandler' driver.
INFO - 2024-01-19 02:12:31 --> Session: Class initialized using 'CodeIgniter\Session\Handlers\FileHandler' driver.
INFO - 2024-01-19 02:12:31 --> Session: Class initialized using 'CodeIgniter\Session\Handlers\FileHandler' driver.
INFO - 2024-01-19 02:12:40 --> Session: Class initialized using 'CodeIgniter\Session\Handlers\FileHandler' driver.
INFO - 2024-01-19 02:12:42 --> Session: Class initialized using 'CodeIgniter\Session\Handlers\FileHandler' driver.
INFO - 2024-01-19 02:12:42 --> Session: Class initialized using 'CodeIgniter\Session\Handlers\FileHandler' driver.
INFO - 2024-01-19 02:12:54 --> Session: Class initialized using 'CodeIgniter\Session\Handlers\FileHandler' driver.
INFO - 2024-01-19 02:12:56 --> Session: Class initialized using 'CodeIgniter\Session\Handlers\FileHandler' driver.
INFO - 2024-01-19 02:12:56 --> Session: Class initialized using 'CodeIgniter\Session\Handlers\FileHandler' driver.
INFO - 2024-01-19 02:14:03 --> Session: Class initialized using 'CodeIgniter\Session\Handlers\FileHandler' driver.
INFO - 2024-01-19 02:14:08 --> Session: Class initialized using 'CodeIgniter\Session\Handlers\FileHandler' driver.
INFO - 2024-01-19 02:14:08 --> Session: Class initialized using 'CodeIgniter\Session\Handlers\FileHandler' driver.
INFO - 2024-01-19 02:15:05 --> Session: Class initialized using 'CodeIgniter\Session\Handlers\FileHandler' driver.
INFO - 2024-01-19 02:15:07 --> Session: Class initialized using 'CodeIgniter\Session\Handlers\FileHandler' driver.
INFO - 2024-01-19 02:15:07 --> Session: Class initialized using 'CodeIgniter\Session\Handlers\FileHandler' driver.
INFO - 2024-01-19 02:17:16 --> Session: Class initialized using 'CodeIgniter\Session\Handlers\FileHandler' driver.
INFO - 2024-01-19 02:17:19 --> Session: Class initialized using 'CodeIgniter\Session\Handlers\FileHandler' driver.
INFO - 2024-01-19 02:17:19 --> Session: Class initialized using 'CodeIgniter\Session\Handlers\FileHandler' driver.
INFO - 2024-01-19 02:17:31 --> Session: Class initialized using 'CodeIgniter\Session\Handlers\FileHandler' driver.
INFO - 2024-01-19 02:17:32 --> Session: Class initialized using 'CodeIgniter\Session\Handlers\FileHandler' driver.
INFO - 2024-01-19 02:17:33 --> Session: Class initialized using 'CodeIgniter\Session\Handlers\FileHandler' driver.
INFO - 2024-01-19 02:17:41 --> Session: Class initialized using 'CodeIgniter\Session\Handlers\FileHandler' driver.
INFO - 2024-01-19 02:17:42 --> Session: Class initialized using 'CodeIgniter\Session\Handlers\FileHandler' driver.
INFO - 2024-01-19 02:17:42 --> Session: Class initialized using 'CodeIgniter\Session\Handlers\FileHandler' driver.
INFO - 2024-01-19 02:17:50 --> Session: Class initialized using 'CodeIgniter\Session\Handlers\FileHandler' driver.
INFO - 2024-01-19 02:18:57 --> Session: Class initialized using 'CodeIgniter\Session\Handlers\FileHandler' driver.
INFO - 2024-01-19 02:18:59 --> Session: Class initialized using 'CodeIgniter\Session\Handlers\FileHandler' driver.
INFO - 2024-01-19 02:18:59 --> Session: Class initialized using 'CodeIgniter\Session\Handlers\FileHandler' driver.
INFO - 2024-01-19 02:21:23 --> Session: Class initialized using 'CodeIgniter\Session\Handlers\FileHandler' driver.
INFO - 2024-01-19 02:21:25 --> Session: Class initialized using 'CodeIgniter\Session\Handlers\FileHandler' driver.
INFO - 2024-01-19 02:21:25 --> Session: Class initialized using 'CodeIgniter\Session\Handlers\FileHandler' driver.
INFO - 2024-01-19 03:18:13 --> Session: Class initialized using 'CodeIgniter\Session\Handlers\FileHandler' driver.
INFO - 2024-01-19 03:57:03 --> Session: Class initialized using 'CodeIgniter\Session\Handlers\FileHandler' driver.
INFO - 2024-01-19 09:44:01 --> Session: Class initialized using 'CodeIgniter\Session\Handlers\FileHandler' driver.
INFO - 2024-01-19 09:44:03 --> Session: Class initialized using 'CodeIgniter\Session\Handlers\FileHandler' driver.
INFO - 2024-01-19 09:44:08 --> Session: Class initialized using 'CodeIgniter\Session\Handlers\FileHandler' driver.
INFO - 2024-01-19 09:44:10 --> Session: Class initialized using 'CodeIgniter\Session\Handlers\FileHandler' driver.
INFO - 2024-01-19 09:45:01 --> Session: Class initialized using 'CodeIgniter\Session\Handlers\FileHandler' driver.
INFO - 2024-01-19 09:45:03 --> Session: Class initialized using 'CodeIgniter\Session\Handlers\FileHandler' driver.
INFO - 2024-01-19 09:45:03 --> Session: Class initialized using 'CodeIgniter\Session\Handlers\FileHandler' driver.
INFO - 2024-01-19 09:50:58 --> Session: Class initialized using 'CodeIgniter\Session\Handlers\FileHandler' driver.
INFO - 2024-01-19 09:51:02 --> Session: Class initialized using 'CodeIgniter\Session\Handlers\FileHandler' driver.
INFO - 2024-01-19 09:51:02 --> Session: Class initialized using 'CodeIgniter\Session\Handlers\FileHandler' driver.
INFO - 2024-01-19 09:51:11 --> Session: Class initialized using 'CodeIgniter\Session\Handlers\FileHandler' driver.
INFO - 2024-01-19 09:51:11 --> Session: Class initialized using 'CodeIgniter\Session\Handlers\FileHandler' driver.
INFO - 2024-01-19 09:51:16 --> Session: Class initialized using 'CodeIgniter\Session\Handlers\FileHandler' driver.
INFO - 2024-01-19 09:51:16 --> Session: Class initialized using 'CodeIgniter\Session\Handlers\FileHandler' driver.
INFO - 2024-01-19 09:54:43 --> Session: Class initialized using 'CodeIgniter\Session\Handlers\FileHandler' driver.
INFO - 2024-01-19 09:54:45 --> Session: Class initialized using 'CodeIgniter\Session\Handlers\FileHandler' driver.
INFO - 2024-01-19 09:54:45 --> Session: Class initialized using 'CodeIgniter\Session\Handlers\FileHandler' driver.
INFO - 2024-01-19 09:55:29 --> Session: Class initialized using 'CodeIgniter\Session\Handlers\FileHandler' driver.
CRITICAL - 2024-01-19 09:55:29 --> Undefined variable $StatusPresent
in APPPATH\Views\admin\ambulatoir\create.php on line 173.
 1 APPPATH\Views\admin\ambulatoir\create.php(173): CodeIgniter\Debug\Exceptions->errorHandler(2, 'Undefined variable $StatusPresent', 'D:\\Project (external)\\BCPetHouse\\app\\Views\\admin\\ambulatoir\\create.php', 173)
 2 SYSTEMPATH\View\View.php(226): include('D:\\Project (external)\\BCPetHouse\\app\\Views\\admin\\ambulatoir\\create.php')
 3 SYSTEMPATH\View\View.php(229): CodeIgniter\View\View->CodeIgniter\View\{closure}()
 4 SYSTEMPATH\Common.php(1178): CodeIgniter\View\View->render('admin/ambulatoir/create', [], true)
 5 APPPATH\Controllers\Ambulatoir.php(43): view('admin/ambulatoir/create', [...])
 6 SYSTEMPATH\CodeIgniter.php(915): App\Controllers\Ambulatoir->create()
 7 SYSTEMPATH\CodeIgniter.php(492): CodeIgniter\CodeIgniter->runController(Object(App\Controllers\Ambulatoir))
 8 SYSTEMPATH\CodeIgniter.php(353): CodeIgniter\CodeIgniter->handleRequest(null, Object(Config\Cache), false)
 9 FCPATH\index.php(79): CodeIgniter\CodeIgniter->run()
10 SYSTEMPATH\Commands\Server\rewrite.php(47): require_once('D:\\Project (external)\\BCPetHouse\\public\\index.php')
INFO - 2024-01-19 09:55:49 --> Session: Class initialized using 'CodeIgniter\Session\Handlers\FileHandler' driver.
CRITICAL - 2024-01-19 09:55:49 --> Undefined variable $statusPresent
in APPPATH\Views\admin\ambulatoir\create.php on line 173.
 1 APPPATH\Views\admin\ambulatoir\create.php(173): CodeIgniter\Debug\Exceptions->errorHandler(2, 'Undefined variable $statusPresent', 'D:\\Project (external)\\BCPetHouse\\app\\Views\\admin\\ambulatoir\\create.php', 173)
 2 SYSTEMPATH\View\View.php(226): include('D:\\Project (external)\\BCPetHouse\\app\\Views\\admin\\ambulatoir\\create.php')
 3 SYSTEMPATH\View\View.php(229): CodeIgniter\View\View->CodeIgniter\View\{closure}()
 4 SYSTEMPATH\Common.php(1178): CodeIgniter\View\View->render('admin/ambulatoir/create', [], true)
 5 APPPATH\Controllers\Ambulatoir.php(43): view('admin/ambulatoir/create', [...])
 6 SYSTEMPATH\CodeIgniter.php(915): App\Controllers\Ambulatoir->create()
 7 SYSTEMPATH\CodeIgniter.php(492): CodeIgniter\CodeIgniter->runController(Object(App\Controllers\Ambulatoir))
 8 SYSTEMPATH\CodeIgniter.php(353): CodeIgniter\CodeIgniter->handleRequest(null, Object(Config\Cache), false)
 9 FCPATH\index.php(79): CodeIgniter\CodeIgniter->run()
10 SYSTEMPATH\Commands\Server\rewrite.php(47): require_once('D:\\Project (external)\\BCPetHouse\\public\\index.php')
INFO - 2024-01-19 09:55:53 --> Session: Class initialized using 'CodeIgniter\Session\Handlers\FileHandler' driver.
CRITICAL - 2024-01-19 09:55:53 --> Undefined variable $statusPresent
in APPPATH\Views\admin\ambulatoir\create.php on line 173.
 1 APPPATH\Views\admin\ambulatoir\create.php(173): CodeIgniter\Debug\Exceptions->errorHandler(2, 'Undefined variable $statusPresent', 'D:\\Project (external)\\BCPetHouse\\app\\Views\\admin\\ambulatoir\\create.php', 173)
 2 SYSTEMPATH\View\View.php(226): include('D:\\Project (external)\\BCPetHouse\\app\\Views\\admin\\ambulatoir\\create.php')
 3 SYSTEMPATH\View\View.php(229): CodeIgniter\View\View->CodeIgniter\View\{closure}()
 4 SYSTEMPATH\Common.php(1178): CodeIgniter\View\View->render('admin/ambulatoir/create', [], true)
 5 APPPATH\Controllers\Ambulatoir.php(43): view('admin/ambulatoir/create', [...])
 6 SYSTEMPATH\CodeIgniter.php(915): App\Controllers\Ambulatoir->create()
 7 SYSTEMPATH\CodeIgniter.php(492): CodeIgniter\CodeIgniter->runController(Object(App\Controllers\Ambulatoir))
 8 SYSTEMPATH\CodeIgniter.php(353): CodeIgniter\CodeIgniter->handleRequest(null, Object(Config\Cache), false)
 9 FCPATH\index.php(79): CodeIgniter\CodeIgniter->run()
10 SYSTEMPATH\Commands\Server\rewrite.php(47): require_once('D:\\Project (external)\\BCPetHouse\\public\\index.php')
INFO - 2024-01-19 09:56:32 --> Session: Class initialized using 'CodeIgniter\Session\Handlers\FileHandler' driver.
CRITICAL - 2024-01-19 09:56:32 --> Undefined variable $statusPresent
in APPPATH\Views\admin\ambulatoir\create.php on line 173.
 1 APPPATH\Views\admin\ambulatoir\create.php(173): CodeIgniter\Debug\Exceptions->errorHandler(2, 'Undefined variable $statusPresent', 'D:\\Project (external)\\BCPetHouse\\app\\Views\\admin\\ambulatoir\\create.php', 173)
 2 SYSTEMPATH\View\View.php(226): include('D:\\Project (external)\\BCPetHouse\\app\\Views\\admin\\ambulatoir\\create.php')
 3 SYSTEMPATH\View\View.php(229): CodeIgniter\View\View->CodeIgniter\View\{closure}()
 4 SYSTEMPATH\Common.php(1178): CodeIgniter\View\View->render('admin/ambulatoir/create', [], true)
 5 APPPATH\Controllers\Ambulatoir.php(43): view('admin/ambulatoir/create', [...])
 6 SYSTEMPATH\CodeIgniter.php(915): App\Controllers\Ambulatoir->create()
 7 SYSTEMPATH\CodeIgniter.php(492): CodeIgniter\CodeIgniter->runController(Object(App\Controllers\Ambulatoir))
 8 SYSTEMPATH\CodeIgniter.php(353): CodeIgniter\CodeIgniter->handleRequest(null, Object(Config\Cache), false)
 9 FCPATH\index.php(79): CodeIgniter\CodeIgniter->run()
10 SYSTEMPATH\Commands\Server\rewrite.php(47): require_once('D:\\Project (external)\\BCPetHouse\\public\\index.php')
INFO - 2024-01-19 09:58:11 --> Session: Class initialized using 'CodeIgniter\Session\Handlers\FileHandler' driver.
CRITICAL - 2024-01-19 09:58:11 --> Undefined variable $Temuanklinis
in APPPATH\Views\admin\ambulatoir\create.php on line 177.
 1 APPPATH\Views\admin\ambulatoir\create.php(177): CodeIgniter\Debug\Exceptions->errorHandler(2, 'Undefined variable $Temuanklinis', 'D:\\Project (external)\\BCPetHouse\\app\\Views\\admin\\ambulatoir\\create.php', 177)
 2 SYSTEMPATH\View\View.php(226): include('D:\\Project (external)\\BCPetHouse\\app\\Views\\admin\\ambulatoir\\create.php')
 3 SYSTEMPATH\View\View.php(229): CodeIgniter\View\View->CodeIgniter\View\{closure}()
 4 SYSTEMPATH\Common.php(1178): CodeIgniter\View\View->render('admin/ambulatoir/create', [], true)
 5 APPPATH\Controllers\Ambulatoir.php(46): view('admin/ambulatoir/create', [...])
 6 SYSTEMPATH\CodeIgniter.php(915): App\Controllers\Ambulatoir->create()
 7 SYSTEMPATH\CodeIgniter.php(492): CodeIgniter\CodeIgniter->runController(Object(App\Controllers\Ambulatoir))
 8 SYSTEMPATH\CodeIgniter.php(353): CodeIgniter\CodeIgniter->handleRequest(null, Object(Config\Cache), false)
 9 FCPATH\index.php(79): CodeIgniter\CodeIgniter->run()
10 SYSTEMPATH\Commands\Server\rewrite.php(47): require_once('D:\\Project (external)\\BCPetHouse\\public\\index.php')
INFO - 2024-01-19 09:58:41 --> Session: Class initialized using 'CodeIgniter\Session\Handlers\FileHandler' driver.
CRITICAL - 2024-01-19 09:58:41 --> Undefined variable $treatment
in APPPATH\Views\admin\ambulatoir\create.php on line 185.
 1 APPPATH\Views\admin\ambulatoir\create.php(185): CodeIgniter\Debug\Exceptions->errorHandler(2, 'Undefined variable $treatment', 'D:\\Project (external)\\BCPetHouse\\app\\Views\\admin\\ambulatoir\\create.php', 185)
 2 SYSTEMPATH\View\View.php(226): include('D:\\Project (external)\\BCPetHouse\\app\\Views\\admin\\ambulatoir\\create.php')
 3 SYSTEMPATH\View\View.php(229): CodeIgniter\View\View->CodeIgniter\View\{closure}()
 4 SYSTEMPATH\Common.php(1178): CodeIgniter\View\View->render('admin/ambulatoir/create', [], true)
 5 APPPATH\Controllers\Ambulatoir.php(46): view('admin/ambulatoir/create', [...])
 6 SYSTEMPATH\CodeIgniter.php(915): App\Controllers\Ambulatoir->create()
 7 SYSTEMPATH\CodeIgniter.php(492): CodeIgniter\CodeIgniter->runController(Object(App\Controllers\Ambulatoir))
 8 SYSTEMPATH\CodeIgniter.php(353): CodeIgniter\CodeIgniter->handleRequest(null, Object(Config\Cache), false)
 9 FCPATH\index.php(79): CodeIgniter\CodeIgniter->run()
10 SYSTEMPATH\Commands\Server\rewrite.php(47): require_once('D:\\Project (external)\\BCPetHouse\\public\\index.php')
INFO - 2024-01-19 09:59:57 --> Session: Class initialized using 'CodeIgniter\Session\Handlers\FileHandler' driver.
CRITICAL - 2024-01-19 09:59:57 --> Undefined variable $diagnosa
in APPPATH\Views\admin\ambulatoir\create.php on line 181.
 1 APPPATH\Views\admin\ambulatoir\create.php(181): CodeIgniter\Debug\Exceptions->errorHandler(2, 'Undefined variable $diagnosa', 'D:\\Project (external)\\BCPetHouse\\app\\Views\\admin\\ambulatoir\\create.php', 181)
 2 SYSTEMPATH\View\View.php(226): include('D:\\Project (external)\\BCPetHouse\\app\\Views\\admin\\ambulatoir\\create.php')
 3 SYSTEMPATH\View\View.php(229): CodeIgniter\View\View->CodeIgniter\View\{closure}()
 4 SYSTEMPATH\Common.php(1178): CodeIgniter\View\View->render('admin/ambulatoir/create', [], true)
 5 APPPATH\Controllers\Ambulatoir.php(46): view('admin/ambulatoir/create', [...])
 6 SYSTEMPATH\CodeIgniter.php(915): App\Controllers\Ambulatoir->create()
 7 SYSTEMPATH\CodeIgniter.php(492): CodeIgniter\CodeIgniter->runController(Object(App\Controllers\Ambulatoir))
 8 SYSTEMPATH\CodeIgniter.php(353): CodeIgniter\CodeIgniter->handleRequest(null, Object(Config\Cache), false)
 9 FCPATH\index.php(79): CodeIgniter\CodeIgniter->run()
10 SYSTEMPATH\Commands\Server\rewrite.php(47): require_once('D:\\Project (external)\\BCPetHouse\\public\\index.php')
INFO - 2024-01-19 10:00:38 --> Session: Class initialized using 'CodeIgniter\Session\Handlers\FileHandler' driver.
INFO - 2024-01-19 10:00:41 --> Session: Class initialized using 'CodeIgniter\Session\Handlers\FileHandler' driver.
INFO - 2024-01-19 10:00:41 --> Session: Class initialized using 'CodeIgniter\Session\Handlers\FileHandler' driver.
INFO - 2024-01-19 10:30:31 --> Session: Class initialized using 'CodeIgniter\Session\Handlers\FileHandler' driver.
INFO - 2024-01-19 10:30:33 --> Session: Class initialized using 'CodeIgniter\Session\Handlers\FileHandler' driver.
INFO - 2024-01-19 10:30:48 --> Session: Class initialized using 'CodeIgniter\Session\Handlers\FileHandler' driver.
INFO - 2024-01-19 10:32:13 --> Session: Class initialized using 'CodeIgniter\Session\Handlers\FileHandler' driver.
INFO - 2024-01-19 10:32:41 --> Session: Class initialized using 'CodeIgniter\Session\Handlers\FileHandler' driver.
INFO - 2024-01-19 10:32:42 --> Session: Class initialized using 'CodeIgniter\Session\Handlers\FileHandler' driver.
INFO - 2024-01-19 10:32:44 --> Session: Class initialized using 'CodeIgniter\Session\Handlers\FileHandler' driver.
INFO - 2024-01-19 10:32:49 --> Session: Class initialized using 'CodeIgniter\Session\Handlers\FileHandler' driver.
INFO - 2024-01-19 10:33:00 --> Session: Class initialized using 'CodeIgniter\Session\Handlers\FileHandler' driver.
INFO - 2024-01-19 10:33:01 --> Session: Class initialized using 'CodeIgniter\Session\Handlers\FileHandler' driver.
INFO - 2024-01-19 10:37:46 --> Session: Class initialized using 'CodeIgniter\Session\Handlers\FileHandler' driver.
INFO - 2024-01-19 10:38:12 --> Session: Class initialized using 'CodeIgniter\Session\Handlers\FileHandler' driver.
INFO - 2024-01-19 10:38:36 --> Session: Class initialized using 'CodeIgniter\Session\Handlers\FileHandler' driver.
INFO - 2024-01-19 10:38:43 --> Session: Class initialized using 'CodeIgniter\Session\Handlers\FileHandler' driver.
INFO - 2024-01-19 10:39:09 --> Session: Class initialized using 'CodeIgniter\Session\Handlers\FileHandler' driver.
INFO - 2024-01-19 10:39:27 --> Session: Class initialized using 'CodeIgniter\Session\Handlers\FileHandler' driver.
INFO - 2024-01-19 10:39:38 --> Session: Class initialized using 'CodeIgniter\Session\Handlers\FileHandler' driver.
INFO - 2024-01-19 23:26:03 --> Session: Class initialized using 'CodeIgniter\Session\Handlers\FileHandler' driver.
ERROR - 2024-01-19 23:26:07 --> Error connecting to the database: mysqli_sql_exception: No connection could be made because the target machine actively refused it in D:\Project (external)\BCPetHouse\system\Database\MySQLi\Connection.php:184
Stack trace:
#0 D:\Project (external)\BCPetHouse\system\Database\MySQLi\Connection.php(184): mysqli->real_connect('localhost', 'root', Object(SensitiveParameterValue), 'bcpet_db', 3306, '', 0)
#1 D:\Project (external)\BCPetHouse\system\Database\BaseConnection.php(391): CodeIgniter\Database\MySQLi\Connection->connect(false)
#2 D:\Project (external)\BCPetHouse\system\Database\BaseConnection.php(574): CodeIgniter\Database\BaseConnection->initialize()
#3 D:\Project (external)\BCPetHouse\system\Database\BaseBuilder.php(1616): CodeIgniter\Database\BaseConnection->query('SELECT *\nFROM `...', Array, false)
#4 D:\Project (external)\BCPetHouse\system\Model.php(237): CodeIgniter\Database\BaseBuilder->get()
#5 D:\Project (external)\BCPetHouse\system\BaseModel.php(624): CodeIgniter\Model->doFindAll(0, 0)
#6 D:\Project (external)\BCPetHouse\app\Models\PetProfileModel.php(36): CodeIgniter\BaseModel->findAll()
#7 D:\Project (external)\BCPetHouse\app\Controllers\PetList.php(20): App\Models\PetProfileModel->getPetProfile()
#8 D:\Project (external)\BCPetHouse\system\CodeIgniter.php(915): App\Controllers\PetList->index()
#9 D:\Project (external)\BCPetHouse\system\CodeIgniter.php(492): CodeIgniter\CodeIgniter->runController(Object(App\Controllers\PetList))
#10 D:\Project (external)\BCPetHouse\system\CodeIgniter.php(353): CodeIgniter\CodeIgniter->handleRequest(NULL, Object(Config\Cache), false)
#11 D:\Project (external)\BCPetHouse\public\index.php(79): CodeIgniter\CodeIgniter->run()
#12 D:\Project (external)\BCPetHouse\system\Commands\Server\rewrite.php(47): require_once('D:\\Project (ext...')
#13 {main}

Next CodeIgniter\Database\Exceptions\DatabaseException: No connection could be made because the target machine actively refused it in D:\Project (external)\BCPetHouse\system\Database\MySQLi\Connection.php:229
Stack trace:
#0 D:\Project (external)\BCPetHouse\system\Database\BaseConnection.php(391): CodeIgniter\Database\MySQLi\Connection->connect(false)
#1 D:\Project (external)\BCPetHouse\system\Database\BaseConnection.php(574): CodeIgniter\Database\BaseConnection->initialize()
#2 D:\Project (external)\BCPetHouse\system\Database\BaseBuilder.php(1616): CodeIgniter\Database\BaseConnection->query('SELECT *\nFROM `...', Array, false)
#3 D:\Project (external)\BCPetHouse\system\Model.php(237): CodeIgniter\Database\BaseBuilder->get()
#4 D:\Project (external)\BCPetHouse\system\BaseModel.php(624): CodeIgniter\Model->doFindAll(0, 0)
#5 D:\Project (external)\BCPetHouse\app\Models\PetProfileModel.php(36): CodeIgniter\BaseModel->findAll()
#6 D:\Project (external)\BCPetHouse\app\Controllers\PetList.php(20): App\Models\PetProfileModel->getPetProfile()
#7 D:\Project (external)\BCPetHouse\system\CodeIgniter.php(915): App\Controllers\PetList->index()
#8 D:\Project (external)\BCPetHouse\system\CodeIgniter.php(492): CodeIgniter\CodeIgniter->runController(Object(App\Controllers\PetList))
#9 D:\Project (external)\BCPetHouse\system\CodeIgniter.php(353): CodeIgniter\CodeIgniter->handleRequest(NULL, Object(Config\Cache), false)
#10 D:\Project (external)\BCPetHouse\public\index.php(79): CodeIgniter\CodeIgniter->run()
#11 D:\Project (external)\BCPetHouse\system\Commands\Server\rewrite.php(47): require_once('D:\\Project (ext...')
#12 {main}
CRITICAL - 2024-01-19 23:26:07 --> Unable to connect to the database.
Main connection [MySQLi]: No connection could be made because the target machine actively refused it
in SYSTEMPATH\Database\BaseConnection.php on line 427.
 1 SYSTEMPATH\Database\BaseConnection.php(574): CodeIgniter\Database\BaseConnection->initialize()
 2 SYSTEMPATH\Database\BaseBuilder.php(1616): CodeIgniter\Database\BaseConnection->query('SELECT *
FROM `pet_profile`', [], false)
 3 SYSTEMPATH\Model.php(237): CodeIgniter\Database\BaseBuilder->get()
 4 SYSTEMPATH\BaseModel.php(624): CodeIgniter\Model->doFindAll(0, 0)
 5 APPPATH\Models\PetProfileModel.php(36): CodeIgniter\BaseModel->findAll()
 6 APPPATH\Controllers\PetList.php(20): App\Models\PetProfileModel->getPetProfile()
 7 SYSTEMPATH\CodeIgniter.php(915): App\Controllers\PetList->index()
 8 SYSTEMPATH\CodeIgniter.php(492): CodeIgniter\CodeIgniter->runController(Object(App\Controllers\PetList))
 9 SYSTEMPATH\CodeIgniter.php(353): CodeIgniter\CodeIgniter->handleRequest(null, Object(Config\Cache), false)
10 FCPATH\index.php(79): CodeIgniter\CodeIgniter->run()
11 SYSTEMPATH\Commands\Server\rewrite.php(47): require_once('D:\\Project (external)\\BCPetHouse\\public\\index.php')
